0 info it worked if it ends with ok
1 verbose cli [ '/usr/bin/node', '/bin/npm', 'run', 'test' ]
2 info using npm@3.10.10
3 info using node@v6.10.1
4 verbose run-script [ 'pretest', 'test', 'posttest' ]
5 info lifecycle socket_server@1.0.0~pretest: socket_server@1.0.0
6 silly lifecycle socket_server@1.0.0~pretest: no script for pretest, continuing
7 info lifecycle socket_server@1.0.0~test: socket_server@1.0.0
8 verbose lifecycle socket_server@1.0.0~test: unsafe-perm in lifecycle true
9 verbose lifecycle socket_server@1.0.0~test: PATH: /usr/lib/node_modules/npm/bin/node-gyp-bin:/home/apptextpsychic1002/htdoc/text-a-psychic.com/socket_server/node_modules/.bin:/usr/bin:/usr/local/bin:/bin:/usr/bin:/usr/local/sbin:/usr/sbin:/home/nodeapp/.local/bin:/home/nodeapp/bin
10 verbose lifecycle socket_server@1.0.0~test: CWD: /home/apptextpsychic1002/htdoc/text-a-psychic.com/socket_server
11 silly lifecycle socket_server@1.0.0~test: Args: [ '-c', 'ENV=dev node index.js' ]
12 silly lifecycle socket_server@1.0.0~test: Returned: code: 1  signal: null
13 info lifecycle socket_server@1.0.0~test: Failed to exec test script
14 verbose stack Error: socket_server@1.0.0 test: `ENV=dev node index.js`
14 verbose stack Exit status 1
14 verbose stack     at EventEmitter.<anonymous> (/usr/lib/node_modules/npm/lib/utils/lifecycle.js:255:16)
14 verbose stack     at emitTwo (events.js:106:13)
14 verbose stack     at EventEmitter.emit (events.js:191:7)
14 verbose stack     at ChildProcess.<anonymous> (/usr/lib/node_modules/npm/lib/utils/spawn.js:40:14)
14 verbose stack     at emitTwo (events.js:106:13)
14 verbose stack     at ChildProcess.emit (events.js:191:7)
14 verbose stack     at maybeClose (internal/child_process.js:886:16)
14 verbose stack     at Process.ChildProcess._handle.onexit (internal/child_process.js:226:5)
15 verbose pkgid socket_server@1.0.0
16 verbose cwd /home/apptextpsychic1002/htdoc/text-a-psychic.com/socket_server
17 error Linux 4.9.7-x86_64-linode80
18 error argv "/usr/bin/node" "/bin/npm" "run" "test"
19 error node v6.10.1
20 error npm  v3.10.10
21 error code ELIFECYCLE
22 error socket_server@1.0.0 test: `ENV=dev node index.js`
22 error Exit status 1
23 error Failed at the socket_server@1.0.0 test script 'ENV=dev node index.js'.
23 error Make sure you have the latest version of node.js and npm installed.
23 error If you do, this is most likely a problem with the socket_server package,
23 error not with npm itself.
23 error Tell the author that this fails on your system:
23 error     ENV=dev node index.js
23 error You can get information on how to open an issue for this project with:
23 error     npm bugs socket_server
23 error Or if that isn't available, you can get their info via:
23 error     npm owner ls socket_server
23 error There is likely additional logging output above.
24 verbose exit [ 1, true ]
