2017-08-01 09:55:55|SEND_MESSAGE|26|15|testing random reply
2017-08-01 09:55:55|SEND_MESSAGE|Random Message
2017-08-01 09:55:55|SEND_MESSAGE|{"ref_message_id":"26","sender_id":"15","message":"testing random reply","request_url":"reply=0&value=0&number=447445566731&network=INTERNATIONAL&message=testing+random+reply&currency=gbp&cc=psychiccontact&title=68899&ekey=1a989ce5a9b504b267a810be41c8d114"}
2017-08-01 09:55:55|SEND_MESSAGE|SUCCESS
2017-08-01 09:56:32|SEND_MESSAGE|26|9|testing random reply from test2
2017-08-01 09:56:32|SEND_MESSAGE|Random Message
2017-08-01 09:56:32|SEND_MESSAGE|{"ref_message_id":"26","sender_id":"9","message":"testing random reply from test2","request_url":"reply=1&value=1.5&number=447445566731&network=INTERNATIONAL&message=testing+random+reply+from+test2&currency=gbp&cc=psychiccontact&title=68899&ekey=1a989ce5a9b504b267a810be41c8d114"}
2017-08-01 09:56:32|SEND_MESSAGE|ERROR IR-101
2017-08-01 09:56:32|SEND_MESSAGE|FAILED
2017-08-01 09:56:32|SEND_MESSAGE|Recipient 447445566731: ERROR IR-101
2017-08-01 10:00:56|SEND_MESSAGE|26|9|this is a random test reply from test2
2017-08-01 10:00:56|SEND_MESSAGE|Random Message
2017-08-01 10:00:56|SEND_MESSAGE|{"ref_message_id":"26","sender_id":"9","message":"this is a random test reply from test2","request_url":"reply=0&number=447445566731&network=INTERNATIONAL&message=this+is+a+random+test+reply+from+test2&value=0&currency=gbp&cc=psychiccontact&title=68899&ekey=1a989ce5a9b504b267a810be41c8d114"}
2017-08-01 10:00:56|SEND_MESSAGE|SUCCESS
2017-08-01 10:07:56|SEND_MESSAGE|25|9|testing random reply from test2 id:25
2017-08-01 10:07:56|SEND_MESSAGE|Random Message
2017-08-01 10:07:56|SEND_MESSAGE|{"ref_message_id":"25","sender_id":"9","message":"testing random reply from test2 id:25","request_url":"reply=0&value=0&number=447799906908&network=INTERNATIONAL&message=testing+random+reply+from+test2+id%3A25&currency=gbp&cc=psychiccontact&title=68899&ekey=1a989ce5a9b504b267a810be41c8d114"}
2017-08-01 10:07:56|SEND_MESSAGE|SUCCESS
2017-08-01 10:08:17|SEND_MESSAGE|25|15|testing random reply from test101
2017-08-01 10:08:17|SEND_MESSAGE|Random Message
2017-08-01 10:08:17|SEND_MESSAGE|{"ref_message_id":"25","sender_id":"15","message":"testing random reply from test101","request_url":"reply=0&value=1.5&number=447799906908&network=INTERNATIONAL&message=testing+random+reply+from+test101&currency=gbp&cc=psychiccontact&title=68899&ekey=1a989ce5a9b504b267a810be41c8d114"}
2017-08-01 10:08:17|SEND_MESSAGE|SUCCESS
2017-08-01 13:09:46|149.202.136.54|POST_PARAMS|null
2017-08-01 13:09:46|POST|447923172694|psychic how long|O214UK|1065697606
2017-08-01 13:09:46|SUCCESS
2017-08-01 13:09:46|{"action":"mpush_ir_message","billing":"MT","country":"UK","number":"447923172694","network":"O214UK","shortcode":"68899","message":"psychic how long","request_url":"reply=1&id=1065697606&number=447923172694&network=O214UK&message=We+have+successfully+received+your+message.+A+psychic+will+reply+to+in+a+short+while.&value=1.5&currency=gbp&cc=psychiccontact&title=&ekey=1a989ce5a9b504b267a810be41c8d114","txtnation_msg_id":"1065697606","random":0}
2017-08-01 13:09:49|149.202.136.54|POST_PARAMS|null
2017-08-01 13:09:49|POST|447923172694|psychic how high|O214UK|1065697615
2017-08-01 13:09:49|SUCCESS
2017-08-01 13:09:49|{"action":"mpush_ir_message","billing":"MT","country":"UK","number":"447923172694","network":"O214UK","shortcode":"68899","message":"psychic how high","request_url":"reply=1&id=1065697615&number=447923172694&network=O214UK&message=We+have+successfully+received+your+message.+A+psychic+will+reply+to+in+a+short+while.&value=1.5&currency=gbp&cc=psychiccontact&title=&ekey=1a989ce5a9b504b267a810be41c8d114","txtnation_msg_id":"1065697615","random":0}
2017-08-01 13:09:58|149.202.136.54|POST_PARAMS|null
2017-08-01 13:09:58|POST|447923172694|psychic how talk|O214UK|1065697628
2017-08-01 13:09:58|SUCCESS
2017-08-01 13:09:58|{"action":"mpush_ir_message","billing":"MT","country":"UK","number":"447923172694","network":"O214UK","shortcode":"68899","message":"psychic how talk","request_url":"reply=1&id=1065697628&number=447923172694&network=O214UK&message=We+have+successfully+received+your+message.+A+psychic+will+reply+to+in+a+short+while.&value=1.5&currency=gbp&cc=psychiccontact&title=&ekey=1a989ce5a9b504b267a810be41c8d114","txtnation_msg_id":"1065697628","random":0}
2017-08-01 13:10:02|SEND_MESSAGE|29|37|Hello
2017-08-01 13:10:02|SEND_MESSAGE|{"ref_message_id":"29","sender_id":"37","message":"Hello","request_url":"reply=0&value=0&number=447923172694&network=INTERNATIONAL&message=Hello&currency=gbp&cc=psychiccontact&title=68899&ekey=1a989ce5a9b504b267a810be41c8d114"}
2017-08-01 13:10:02|SEND_MESSAGE|SUCCESS
2017-08-01 13:10:14|SEND_MESSAGE|30|37|Hello
2017-08-01 13:10:14|SEND_MESSAGE|{"ref_message_id":"30","sender_id":"37","message":"Hello","request_url":"reply=0&value=0&number=447923172694&network=INTERNATIONAL&message=Hello&currency=gbp&cc=psychiccontact&title=68899&ekey=1a989ce5a9b504b267a810be41c8d114"}
2017-08-01 13:10:14|SEND_MESSAGE|SUCCESS
2017-08-01 13:10:19|149.202.136.54|POST_PARAMS|null
2017-08-01 13:10:19|POST|447923172694|psychic how high|O214UK|1065697686
2017-08-01 13:10:19|SUCCESS
2017-08-01 13:10:19|{"action":"mpush_ir_message","billing":"MT","country":"UK","number":"447923172694","network":"O214UK","shortcode":"68899","message":"psychic how high","request_url":"reply=1&id=1065697686&number=447923172694&network=O214UK&message=We+have+successfully+received+your+message.+A+psychic+will+reply+to+in+a+short+while.&value=1.5&currency=gbp&cc=psychiccontact&title=&ekey=1a989ce5a9b504b267a810be41c8d114","txtnation_msg_id":"1065697686","random":0}
2017-08-01 13:10:36|SEND_MESSAGE|31|37|Hello
2017-08-01 13:10:36|SEND_MESSAGE|{"ref_message_id":"31","sender_id":"37","message":"Hello","request_url":"reply=0&value=0&number=447923172694&network=INTERNATIONAL&message=Hello&currency=gbp&cc=psychiccontact&title=68899&ekey=1a989ce5a9b504b267a810be41c8d114"}
2017-08-01 13:10:36|SEND_MESSAGE|SUCCESS
2017-08-01 13:10:57|SEND_MESSAGE||32|
2017-08-01 13:10:57|SEND_MESSAGE|You must include an inbound message ID
2017-08-01 13:10:57|SEND_MESSAGE|You must include a message to send
2017-08-01 13:10:57|SEND_MESSAGE|Inbound message does not exist
2017-08-01 13:11:06|149.202.136.54|POST_PARAMS|null
2017-08-01 13:11:06|POST|447923172694|psychic how far|O214UK|1065697743
2017-08-01 13:11:08|SEND_MESSAGE|28|34|test reply
2017-08-01 13:11:06|SUCCESS
2017-08-01 13:11:06|{"action":"mpush_ir_message","billing":"MT","country":"UK","number":"447923172694","network":"O214UK","shortcode":"68899","message":"psychic how far","request_url":"reply=1&id=1065697743&number=447923172694&network=O214UK&message=We+have+successfully+received+your+message.+A+psychic+will+reply+to+in+a+short+while.&value=1.5&currency=gbp&cc=psychiccontact&title=&ekey=1a989ce5a9b504b267a810be41c8d114","txtnation_msg_id":"1065697743","random":0}
2017-08-01 13:11:08|SEND_MESSAGE|{"ref_message_id":"28","sender_id":"34","message":"test reply","request_url":"reply=0&value=0&number=447923172694&network=INTERNATIONAL&message=test+reply&currency=gbp&cc=psychiccontact&title=68899&ekey=1a989ce5a9b504b267a810be41c8d114"}
2017-08-01 13:11:08|SEND_MESSAGE|SUCCESS
2017-08-01 13:12:00|SEND_MESSAGE|32|37|Hello
2017-08-01 13:12:00|SEND_MESSAGE|{"ref_message_id":"32","sender_id":"37","message":"Hello","request_url":"reply=0&value=0&number=447923172694&network=INTERNATIONAL&message=Hello&currency=gbp&cc=psychiccontact&title=68899&ekey=1a989ce5a9b504b267a810be41c8d114"}
2017-08-01 13:12:00|SEND_MESSAGE|SUCCESS
2017-08-01 13:12:19|SEND_MESSAGE|26|37|test mode w
2017-08-01 13:12:19|SEND_MESSAGE|Random Message
2017-08-01 13:12:19|SEND_MESSAGE|{"ref_message_id":"26","sender_id":"37","message":"test mode w","request_url":"reply=0&value=1.5&number=447445566731&network=INTERNATIONAL&message=test+mode+w&currency=gbp&cc=psychiccontact&title=68899&ekey=1a989ce5a9b504b267a810be41c8d114"}
2017-08-01 13:12:19|SEND_MESSAGE|SUCCESS
2017-08-01 13:13:13|SEND_MESSAGE|27|37|hello
2017-08-01 13:13:13|SEND_MESSAGE|Random Message
2017-08-01 13:13:13|SEND_MESSAGE|{"ref_message_id":"27","sender_id":"37","message":"hello","request_url":"reply=0&value=1.5&number=447960759867&network=INTERNATIONAL&message=hello&currency=gbp&cc=psychiccontact&title=68899&ekey=1a989ce5a9b504b267a810be41c8d114"}
2017-08-01 13:13:13|SEND_MESSAGE|SUCCESS
2017-08-01 13:13:25|SEND_MESSAGE|25|37|hey
2017-08-01 13:13:25|SEND_MESSAGE|Random Message
2017-08-01 13:13:25|SEND_MESSAGE|{"ref_message_id":"25","sender_id":"37","message":"hey","request_url":"reply=0&value=1.5&number=447799906908&network=INTERNATIONAL&message=hey&currency=gbp&cc=psychiccontact&title=68899&ekey=1a989ce5a9b504b267a810be41c8d114"}
2017-08-01 13:13:25|SEND_MESSAGE|SUCCESS
2017-08-01 13:13:52|149.202.136.54|POST_PARAMS|null
2017-08-01 13:13:52|POST|447923172694|psychic what's the weather|O214UK|1065698013
2017-08-01 13:13:52|SUCCESS
2017-08-01 13:13:52|{"action":"mpush_ir_message","billing":"MT","country":"UK","number":"447923172694","network":"O214UK","shortcode":"68899","message":"psychic what's the weather","request_url":"reply=1&id=1065698013&number=447923172694&network=O214UK&message=We+have+successfully+received+your+message.+A+psychic+will+reply+to+in+a+short+while.&value=1.5&currency=gbp&cc=psychiccontact&title=&ekey=1a989ce5a9b504b267a810be41c8d114","txtnation_msg_id":"1065698013","random":0}
2017-08-01 13:14:03|SEND_MESSAGE|33|37|sunny
2017-08-01 13:14:03|SEND_MESSAGE|{"ref_message_id":"33","sender_id":"37","message":"sunny","request_url":"reply=0&value=0&number=447923172694&network=INTERNATIONAL&message=sunny&currency=gbp&cc=psychiccontact&title=68899&ekey=1a989ce5a9b504b267a810be41c8d114"}
2017-08-01 13:14:03|SEND_MESSAGE|SUCCESS
2017-08-01 13:14:04|SEND_MESSAGE|33|37|sunny
2017-08-01 13:14:04|SEND_MESSAGE|Message is not yet marked as read
2017-08-01 13:14:05|SEND_MESSAGE|33|37|sunny
2017-08-01 13:14:05|SEND_MESSAGE|Message is not yet marked as read
2017-08-01 13:14:19|149.202.136.54|POST_PARAMS|null
2017-08-01 13:14:19|POST|447923172694|psychic when will it rain|O214UK|1065698066
2017-08-01 13:14:19|SUCCESS
2017-08-01 13:14:19|{"action":"mpush_ir_message","billing":"MT","country":"UK","number":"447923172694","network":"O214UK","shortcode":"68899","message":"psychic when will it rain","request_url":"reply=1&id=1065698066&number=447923172694&network=O214UK&message=We+have+successfully+received+your+message.+A+psychic+will+reply+to+in+a+short+while.&value=1.5&currency=gbp&cc=psychiccontact&title=&ekey=1a989ce5a9b504b267a810be41c8d114","txtnation_msg_id":"1065698066","random":0}
2017-08-01 13:14:28|SEND_MESSAGE|34|32|now
2017-08-01 13:14:28|SEND_MESSAGE|{"ref_message_id":"34","sender_id":"32","message":"now","request_url":"reply=0&value=0&number=447923172694&network=INTERNATIONAL&message=now&currency=gbp&cc=psychiccontact&title=68899&ekey=1a989ce5a9b504b267a810be41c8d114"}
2017-08-01 13:14:28|SEND_MESSAGE|SUCCESS
2017-08-01 13:14:35|SEND_MESSAGE|27|34|psychic random answer . Have a nice day.
2017-08-01 13:14:35|SEND_MESSAGE|Random Message
2017-08-01 13:14:35|SEND_MESSAGE|{"ref_message_id":"27","sender_id":"34","message":"psychic random answer . Have a nice day.","request_url":"reply=0&value=1.5&number=447960759867&network=INTERNATIONAL&message=psychic+random+answer+.+Have+a+nice+day.&currency=gbp&cc=psychiccontact&title=68899&ekey=1a989ce5a9b504b267a810be41c8d114"}
2017-08-01 13:14:35|SEND_MESSAGE|SUCCESS
2017-08-01 13:14:47|149.202.136.54|POST_PARAMS|null
2017-08-01 13:14:47|POST|447923172694|psychic will you get freckles|O214UK|1065698099
2017-08-01 13:14:47|SUCCESS
2017-08-01 13:14:47|{"action":"mpush_ir_message","billing":"MT","country":"UK","number":"447923172694","network":"O214UK","shortcode":"68899","message":"psychic will you get freckles","request_url":"reply=1&id=1065698099&number=447923172694&network=O214UK&message=We+have+successfully+received+your+message.+A+psychic+will+reply+to+in+a+short+while.&value=1.5&currency=gbp&cc=psychiccontact&title=&ekey=1a989ce5a9b504b267a810be41c8d114","txtnation_msg_id":"1065698099","random":0}
2017-08-01 13:15:06|SEND_MESSAGE|35|37|no
2017-08-01 13:15:06|SEND_MESSAGE|{"ref_message_id":"35","sender_id":"37","message":"no","request_url":"reply=0&value=0&number=447923172694&network=INTERNATIONAL&message=no&currency=gbp&cc=psychiccontact&title=68899&ekey=1a989ce5a9b504b267a810be41c8d114"}
2017-08-01 13:15:06|SEND_MESSAGE|SUCCESS
2017-08-01 13:15:07|SEND_MESSAGE|35|37|no
2017-08-01 13:15:07|SEND_MESSAGE|Message is not yet marked as read
2017-08-01 13:16:13|SEND_MESSAGE|22|32|okoo
2017-08-01 13:16:13|SEND_MESSAGE|{"ref_message_id":"22","sender_id":"32","message":"okoo","request_url":"reply=0&value=0&number=447960759867&network=INTERNATIONAL&message=okoo&currency=gbp&cc=psychiccontact&title=68899&ekey=1a989ce5a9b504b267a810be41c8d114"}
2017-08-01 13:16:13|SEND_MESSAGE|SUCCESS
2017-08-01 13:16:19|SEND_MESSAGE|21|37|hey
2017-08-01 13:16:19|SEND_MESSAGE|{"ref_message_id":"21","sender_id":"37","message":"hey","request_url":"reply=0&value=0&number=447445566731&network=INTERNATIONAL&message=hey&currency=gbp&cc=psychiccontact&title=68899&ekey=1a989ce5a9b504b267a810be41c8d114"}
2017-08-01 13:16:19|SEND_MESSAGE|SUCCESS
2017-08-01 13:16:21|SEND_MESSAGE|21|37|hey
2017-08-01 13:16:21|SEND_MESSAGE|Message is not yet marked as read
2017-08-01 13:16:29|SEND_MESSAGE|20|32|djfhdbcbfd
2017-08-01 13:16:29|SEND_MESSAGE|Random Message
2017-08-01 13:16:29|SEND_MESSAGE|{"ref_message_id":"20","sender_id":"32","message":"djfhdbcbfd","request_url":"reply=0&value=0&number=447802354284&network=INTERNATIONAL&message=djfhdbcbfd&currency=gbp&cc=psychiccontact&title=68899&ekey=1a989ce5a9b504b267a810be41c8d114"}
2017-08-01 13:16:29|SEND_MESSAGE|SUCCESS
2017-08-01 13:16:44|SEND_MESSAGE|26|32|hhhhhh
2017-08-01 13:16:44|SEND_MESSAGE|Random Message
2017-08-01 13:16:44|SEND_MESSAGE|{"ref_message_id":"26","sender_id":"32","message":"hhhhhh","request_url":"reply=0&value=1.5&number=447445566731&network=INTERNATIONAL&message=hhhhhh&currency=gbp&cc=psychiccontact&title=68899&ekey=1a989ce5a9b504b267a810be41c8d114"}
2017-08-01 13:16:44|SEND_MESSAGE|SUCCESS
2017-08-01 13:16:52|149.202.136.54|POST_PARAMS|null
2017-08-01 13:16:52|POST|447923172694|psychic random what time is bedtime|O214UK|1065698290
2017-08-01 13:16:52|SUCCESS
2017-08-01 13:16:52|{"action":"mpush_ir_message","billing":"MT","country":"UK","number":"447923172694","network":"O214UK","shortcode":"68899","message":"psychic random what time is bedtime","request_url":"reply=1&id=1065698290&number=447923172694&network=O214UK&message=We+have+successfully+received+your+message.+A+psychic+will+reply+to+in+a+short+while.&value=1.5&currency=gbp&cc=psychiccontact&title=&ekey=1a989ce5a9b504b267a810be41c8d114","txtnation_msg_id":"1065698290","random":1}
2017-08-01 13:17:03|SEND_MESSAGE|27|32|hhhh2e-sadas9d
2017-08-01 13:17:03|SEND_MESSAGE|Random Message
2017-08-01 13:17:04|SEND_MESSAGE|36|37|10 pm
2017-08-01 13:17:04|SEND_MESSAGE|Random Message
2017-08-01 13:17:03|SEND_MESSAGE|{"ref_message_id":"27","sender_id":"32","message":"hhhh2e-sadas9d","request_url":"reply=0&value=1.5&number=447960759867&network=INTERNATIONAL&message=hhhh2e-sadas9d&currency=gbp&cc=psychiccontact&title=68899&ekey=1a989ce5a9b504b267a810be41c8d114"}
2017-08-01 13:17:03|SEND_MESSAGE|SUCCESS
2017-08-01 13:17:04|SEND_MESSAGE|{"ref_message_id":"36","sender_id":"37","message":"10 pm","request_url":"reply=0&value=0&number=447923172694&network=INTERNATIONAL&message=10+pm&currency=gbp&cc=psychiccontact&title=68899&ekey=1a989ce5a9b504b267a810be41c8d114"}
2017-08-01 13:17:04|SEND_MESSAGE|SUCCESS
2017-08-01 13:17:05|SEND_MESSAGE|36|37|10 pm
2017-08-01 13:17:05|SEND_MESSAGE|Random Message
2017-08-01 13:17:05|SEND_MESSAGE|{"ref_message_id":"36","sender_id":"37","message":"10 pm","request_url":"reply=0&value=1.5&number=447923172694&network=INTERNATIONAL&message=10+pm&currency=gbp&cc=psychiccontact&title=68899&ekey=1a989ce5a9b504b267a810be41c8d114"}
2017-08-01 13:17:05|SEND_MESSAGE|SUCCESS
2017-08-01 13:17:13|SEND_MESSAGE|36|37|10 pm
2017-08-01 13:17:13|SEND_MESSAGE|Random Message
2017-08-01 13:17:13|SEND_MESSAGE|{"ref_message_id":"36","sender_id":"37","message":"10 pm","request_url":"reply=0&value=1.5&number=447923172694&network=INTERNATIONAL&message=10+pm&currency=gbp&cc=psychiccontact&title=68899&ekey=1a989ce5a9b504b267a810be41c8d114"}
2017-08-01 13:17:13|SEND_MESSAGE|SUCCESS
2017-08-01 13:17:14|SEND_MESSAGE|36|37|10 pm
2017-08-01 13:17:14|SEND_MESSAGE|Random Message
2017-08-01 13:17:15|SEND_MESSAGE|25|32|shshxsu8
2017-08-01 13:17:15|SEND_MESSAGE|Random Message
2017-08-01 13:17:14|SEND_MESSAGE|{"ref_message_id":"36","sender_id":"37","message":"10 pm","request_url":"reply=0&value=1.5&number=447923172694&network=INTERNATIONAL&message=10+pm&currency=gbp&cc=psychiccontact&title=68899&ekey=1a989ce5a9b504b267a810be41c8d114"}
2017-08-01 13:17:14|SEND_MESSAGE|SUCCESS
2017-08-01 13:17:15|SEND_MESSAGE|36|37|10 pm
2017-08-01 13:17:15|SEND_MESSAGE|Random Message
2017-08-01 13:17:15|SEND_MESSAGE|{"ref_message_id":"25","sender_id":"32","message":"shshxsu8","request_url":"reply=0&value=1.5&number=447799906908&network=INTERNATIONAL&message=shshxsu8&currency=gbp&cc=psychiccontact&title=68899&ekey=1a989ce5a9b504b267a810be41c8d114"}
2017-08-01 13:17:15|SEND_MESSAGE|SUCCESS
2017-08-01 13:17:15|SEND_MESSAGE|{"ref_message_id":"36","sender_id":"37","message":"10 pm","request_url":"reply=0&value=1.5&number=447923172694&network=INTERNATIONAL&message=10+pm&currency=gbp&cc=psychiccontact&title=68899&ekey=1a989ce5a9b504b267a810be41c8d114"}
2017-08-01 13:17:15|SEND_MESSAGE|SUCCESS
2017-08-01 13:17:33|SEND_MESSAGE|36|32|last nite
2017-08-01 13:17:33|SEND_MESSAGE|Random Message
2017-08-01 13:17:33|SEND_MESSAGE|{"ref_message_id":"36","sender_id":"32","message":"last nite","request_url":"reply=0&value=1.5&number=447923172694&network=INTERNATIONAL&message=last+nite&currency=gbp&cc=psychiccontact&title=68899&ekey=1a989ce5a9b504b267a810be41c8d114"}
2017-08-01 13:17:33|SEND_MESSAGE|SUCCESS
2017-08-01 13:17:34|SEND_MESSAGE|36|32|last nite
2017-08-01 13:17:34|SEND_MESSAGE|Random Message
2017-08-01 13:17:34|SEND_MESSAGE|{"ref_message_id":"36","sender_id":"32","message":"last nite","request_url":"reply=0&value=1.5&number=447923172694&network=INTERNATIONAL&message=last+nite&currency=gbp&cc=psychiccontact&title=68899&ekey=1a989ce5a9b504b267a810be41c8d114"}
2017-08-01 13:17:34|SEND_MESSAGE|SUCCESS
2017-08-01 13:17:37|149.202.136.54|POST_PARAMS|null
2017-08-01 13:17:37|POST|447923172694|psychic random how windy is it|O214UK|1065698360
2017-08-01 13:17:37|SUCCESS
2017-08-01 13:17:37|{"action":"mpush_ir_message","billing":"MT","country":"UK","number":"447923172694","network":"O214UK","shortcode":"68899","message":"psychic random how windy is it","request_url":"reply=1&id=1065698360&number=447923172694&network=O214UK&message=We+have+successfully+received+your+message.+A+psychic+will+reply+to+in+a+short+while.&value=1.5&currency=gbp&cc=psychiccontact&title=&ekey=1a989ce5a9b504b267a810be41c8d114","txtnation_msg_id":"1065698360","random":1}
2017-08-01 13:17:52|SEND_MESSAGE|37|32|none
2017-08-01 13:17:52|SEND_MESSAGE|Random Message
2017-08-01 13:17:52|SEND_MESSAGE|37|37|not much windy
2017-08-01 13:17:52|SEND_MESSAGE|Random Message
2017-08-01 13:17:52|SEND_MESSAGE|{"ref_message_id":"37","sender_id":"32","message":"none","request_url":"reply=0&value=0&number=447923172694&network=INTERNATIONAL&message=none&currency=gbp&cc=psychiccontact&title=68899&ekey=1a989ce5a9b504b267a810be41c8d114"}
2017-08-01 13:17:52|SEND_MESSAGE|SUCCESS
2017-08-01 13:17:52|SEND_MESSAGE|{"ref_message_id":"37","sender_id":"37","message":"not much windy","request_url":"reply=0&value=0&number=447923172694&network=INTERNATIONAL&message=not+much+windy&currency=gbp&cc=psychiccontact&title=68899&ekey=1a989ce5a9b504b267a810be41c8d114"}
2017-08-01 13:17:52|SEND_MESSAGE|SUCCESS
2017-08-01 13:18:03|SEND_MESSAGE|36|15|testing random / multiple reader reply from test101
2017-08-01 13:18:03|SEND_MESSAGE|Random Message
2017-08-01 13:18:03|SEND_MESSAGE|{"ref_message_id":"36","sender_id":"15","message":"testing random \/ multiple reader reply from test101","request_url":"reply=0&value=1.5&number=447923172694&network=INTERNATIONAL&message=testing+random+%2F+multiple+reader+reply+from+test101&currency=gbp&cc=psychiccontact&title=68899&ekey=1a989ce5a9b504b267a810be41c8d114"}
2017-08-01 13:18:03|SEND_MESSAGE|SUCCESS
2017-08-01 13:19:00|149.202.136.54|POST_PARAMS|null
2017-08-01 13:19:00|POST|447923172694|psychic random what's a good tune to dance to|O214UK|1065698461
2017-08-01 13:19:00|SUCCESS
2017-08-01 13:19:00|{"action":"mpush_ir_message","billing":"MT","country":"UK","number":"447923172694","network":"O214UK","shortcode":"68899","message":"psychic random what's a good tune to dance to","request_url":"reply=1&id=1065698461&number=447923172694&network=O214UK&message=We+have+successfully+received+your+message.+A+psychic+will+reply+to+in+a+short+while.&value=1.5&currency=gbp&cc=psychiccontact&title=&ekey=1a989ce5a9b504b267a810be41c8d114","txtnation_msg_id":"1065698461","random":1}
2017-08-01 13:19:06|149.202.136.54|POST_PARAMS|null
2017-08-01 13:19:06|POST|447772256212|psychic random test|ORANGE14UK|1065698472
2017-08-01 13:19:06|SUCCESS
2017-08-01 13:19:06|{"action":"mpush_ir_message","billing":"MT","country":"UK","number":"447772256212","network":"ORANGE14UK","shortcode":"68899","message":"psychic random test","request_url":"reply=1&id=1065698472&number=447772256212&network=ORANGE14UK&message=We+have+successfully+received+your+message.+A+psychic+will+reply+to+in+a+short+while.&value=1.5&currency=gbp&cc=psychiccontact&title=&ekey=1a989ce5a9b504b267a810be41c8d114","txtnation_msg_id":"1065698472","random":1}
2017-08-01 13:19:17|SEND_MESSAGE|38|37|slow
2017-08-01 13:19:17|SEND_MESSAGE|Random Message
2017-08-01 13:19:17|SEND_MESSAGE|{"ref_message_id":"38","sender_id":"37","message":"slow","request_url":"reply=0&value=0&number=447923172694&network=INTERNATIONAL&message=slow&currency=gbp&cc=psychiccontact&title=68899&ekey=1a989ce5a9b504b267a810be41c8d114"}
2017-08-01 13:19:17|SEND_MESSAGE|SUCCESS
2017-08-01 13:19:27|SEND_MESSAGE|39|37|hey
2017-08-01 13:19:27|SEND_MESSAGE|Random Message
2017-08-01 13:19:27|SEND_MESSAGE|{"ref_message_id":"39","sender_id":"37","message":"hey","request_url":"reply=0&value=0&number=447772256212&network=INTERNATIONAL&message=hey&currency=gbp&cc=psychiccontact&title=68899&ekey=1a989ce5a9b504b267a810be41c8d114"}
2017-08-01 13:19:27|SEND_MESSAGE|SUCCESS
2017-08-01 13:19:28|SEND_MESSAGE|39|37|hey
2017-08-01 13:19:28|SEND_MESSAGE|Random Message
2017-08-01 13:19:28|SEND_MESSAGE|{"ref_message_id":"39","sender_id":"37","message":"hey","request_url":"reply=0&value=1.5&number=447772256212&network=INTERNATIONAL&message=hey&currency=gbp&cc=psychiccontact&title=68899&ekey=1a989ce5a9b504b267a810be41c8d114"}
2017-08-01 13:19:28|SEND_MESSAGE|SUCCESS
2017-08-01 13:19:34|SEND_MESSAGE|39|37|hey
2017-08-01 13:19:34|SEND_MESSAGE|Random Message
2017-08-01 13:19:34|SEND_MESSAGE|{"ref_message_id":"39","sender_id":"37","message":"hey","request_url":"reply=0&value=1.5&number=447772256212&network=INTERNATIONAL&message=hey&currency=gbp&cc=psychiccontact&title=68899&ekey=1a989ce5a9b504b267a810be41c8d114"}
2017-08-01 13:19:34|SEND_MESSAGE|SUCCESS
2017-08-01 13:19:55|149.202.136.54|POST_PARAMS|null
2017-08-01 13:19:55|POST|447923172694|psychic random can you touch your mose with the tip of your tongue|O214UK|1065698541
2017-08-01 13:19:55|SUCCESS
2017-08-01 13:19:55|{"action":"mpush_ir_message","billing":"MT","country":"UK","number":"447923172694","network":"O214UK","shortcode":"68899","message":"psychic random can you touch your mose with the tip of your tongue","request_url":"reply=1&id=1065698541&number=447923172694&network=O214UK&message=We+have+successfully+received+your+message.+A+psychic+will+reply+to+in+a+short+while.&value=1.5&currency=gbp&cc=psychiccontact&title=&ekey=1a989ce5a9b504b267a810be41c8d114","txtnation_msg_id":"1065698541","random":1}
2017-08-01 13:20:00|SEND_MESSAGE|37|32|no wind today
2017-08-01 13:20:00|SEND_MESSAGE|Random Message
2017-08-01 13:20:00|SEND_MESSAGE|{"ref_message_id":"37","sender_id":"32","message":"no wind today","request_url":"reply=0&value=1.5&number=447923172694&network=INTERNATIONAL&message=no+wind+today&currency=gbp&cc=psychiccontact&title=68899&ekey=1a989ce5a9b504b267a810be41c8d114"}
2017-08-01 13:20:00|SEND_MESSAGE|SUCCESS
2017-08-01 13:20:08|SEND_MESSAGE|40|37|no I cannot hhh
2017-08-01 13:20:08|SEND_MESSAGE|Random Message
2017-08-01 13:20:08|SEND_MESSAGE|{"ref_message_id":"40","sender_id":"37","message":"no I cannot hhh","request_url":"reply=0&value=0&number=447923172694&network=INTERNATIONAL&message=no+I+cannot+hhh&currency=gbp&cc=psychiccontact&title=68899&ekey=1a989ce5a9b504b267a810be41c8d114"}
2017-08-01 13:20:08|SEND_MESSAGE|SUCCESS
2017-08-01 13:20:16|149.202.136.54|POST_PARAMS|null
2017-08-01 13:20:16|POST|447799906908|psychic random test|VODAFONE14UK|1065698575
2017-08-01 13:20:16|SUCCESS
2017-08-01 13:20:16|{"action":"mpush_ir_message","billing":"MT","country":"UK","number":"447799906908","network":"VODAFONE14UK","shortcode":"68899","message":"psychic random test","request_url":"reply=1&id=1065698575&number=447799906908&network=VODAFONE14UK&message=We+have+successfully+received+your+message.+A+psychic+will+reply+to+in+a+short+while.&value=1.5&currency=gbp&cc=psychiccontact&title=&ekey=1a989ce5a9b504b267a810be41c8d114","txtnation_msg_id":"1065698575","random":1}
2017-08-01 13:20:26|SEND_MESSAGE|40|32|haven't tried that
2017-08-01 13:20:26|SEND_MESSAGE|Random Message
2017-08-01 13:20:27|SEND_MESSAGE|41|37|hey
2017-08-01 13:20:27|SEND_MESSAGE|Random Message
2017-08-01 13:20:26|SEND_MESSAGE|{"ref_message_id":"40","sender_id":"32","message":"haven't tried that","request_url":"reply=0&value=1.5&number=447923172694&network=INTERNATIONAL&message=haven%27t+tried+that&currency=gbp&cc=psychiccontact&title=68899&ekey=1a989ce5a9b504b267a810be41c8d114"}
2017-08-01 13:20:26|SEND_MESSAGE|SUCCESS
2017-08-01 13:20:28|SEND_MESSAGE|40|32|haven't tried that
2017-08-01 13:20:28|SEND_MESSAGE|Random Message
2017-08-01 13:20:27|SEND_MESSAGE|{"ref_message_id":"41","sender_id":"37","message":"hey","request_url":"reply=0&value=0&number=447799906908&network=INTERNATIONAL&message=hey&currency=gbp&cc=psychiccontact&title=68899&ekey=1a989ce5a9b504b267a810be41c8d114"}
2017-08-01 13:20:27|SEND_MESSAGE|SUCCESS
2017-08-01 13:20:29|149.202.136.54|POST_PARAMS|null
2017-08-01 13:20:29|POST|447923172694|psychic random happy or sad ?|O214UK|1065698620
2017-08-01 13:20:28|SEND_MESSAGE|{"ref_message_id":"40","sender_id":"32","message":"haven't tried that","request_url":"reply=0&value=1.5&number=447923172694&network=INTERNATIONAL&message=haven%27t+tried+that&currency=gbp&cc=psychiccontact&title=68899&ekey=1a989ce5a9b504b267a810be41c8d114"}
2017-08-01 13:20:28|SEND_MESSAGE|SUCCESS
2017-08-01 13:20:29|SUCCESS
2017-08-01 13:20:29|{"action":"mpush_ir_message","billing":"MT","country":"UK","number":"447923172694","network":"O214UK","shortcode":"68899","message":"psychic random happy or sad ?","request_url":"reply=1&id=1065698620&number=447923172694&network=O214UK&message=We+have+successfully+received+your+message.+A+psychic+will+reply+to+in+a+short+while.&value=1.5&currency=gbp&cc=psychiccontact&title=&ekey=1a989ce5a9b504b267a810be41c8d114","txtnation_msg_id":"1065698620","random":1}
2017-08-01 13:20:39|SEND_MESSAGE|42|37|heppy
2017-08-01 13:20:39|SEND_MESSAGE|Random Message
2017-08-01 13:20:39|SEND_MESSAGE|{"ref_message_id":"42","sender_id":"37","message":"heppy","request_url":"reply=0&value=0&number=447923172694&network=INTERNATIONAL&message=heppy&currency=gbp&cc=psychiccontact&title=68899&ekey=1a989ce5a9b504b267a810be41c8d114"}
2017-08-01 13:20:39|SEND_MESSAGE|SUCCESS
2017-08-01 13:20:40|SEND_MESSAGE|40|32|maybe
2017-08-01 13:20:40|SEND_MESSAGE|Random Message
2017-08-01 13:20:40|SEND_MESSAGE|{"ref_message_id":"40","sender_id":"32","message":"maybe","request_url":"reply=0&value=1.5&number=447923172694&network=INTERNATIONAL&message=maybe&currency=gbp&cc=psychiccontact&title=68899&ekey=1a989ce5a9b504b267a810be41c8d114"}
2017-08-01 13:20:40|SEND_MESSAGE|SUCCESS
2017-08-01 13:20:42|SEND_MESSAGE|40|32|maybe
2017-08-01 13:20:42|SEND_MESSAGE|Random Message
2017-08-01 13:20:42|SEND_MESSAGE|{"ref_message_id":"40","sender_id":"32","message":"maybe","request_url":"reply=0&value=1.5&number=447923172694&network=INTERNATIONAL&message=maybe&currency=gbp&cc=psychiccontact&title=68899&ekey=1a989ce5a9b504b267a810be41c8d114"}
2017-08-01 13:20:42|SEND_MESSAGE|SUCCESS
2017-08-01 13:20:45|149.202.136.54|POST_PARAMS|null
2017-08-01 13:20:45|POST|447445566731|psychic random test|THREE14UK|1065698656
2017-08-01 13:20:45|SUCCESS
2017-08-01 13:20:45|{"action":"mpush_ir_message","billing":"MT","country":"UK","number":"447445566731","network":"THREE14UK","shortcode":"68899","message":"psychic random test","request_url":"reply=1&id=1065698656&number=447445566731&network=THREE14UK&message=We+have+successfully+received+your+message.+A+psychic+will+reply+to+in+a+short+while.&value=1.5&currency=gbp&cc=psychiccontact&title=&ekey=1a989ce5a9b504b267a810be41c8d114","txtnation_msg_id":"1065698656","random":1}
2017-08-01 13:20:56|SEND_MESSAGE|43|37|test
2017-08-01 13:20:56|SEND_MESSAGE|Random Message
2017-08-01 13:20:56|SEND_MESSAGE|{"ref_message_id":"43","sender_id":"37","message":"test","request_url":"reply=0&value=0&number=447445566731&network=INTERNATIONAL&message=test&currency=gbp&cc=psychiccontact&title=68899&ekey=1a989ce5a9b504b267a810be41c8d114"}
2017-08-01 13:20:56|SEND_MESSAGE|SUCCESS
2017-08-01 13:21:02|SEND_MESSAGE|43|32|oookay
2017-08-01 13:21:02|SEND_MESSAGE|Random Message
2017-08-01 13:21:02|SEND_MESSAGE|{"ref_message_id":"43","sender_id":"32","message":"oookay","request_url":"reply=0&value=1.5&number=447445566731&network=INTERNATIONAL&message=oookay&currency=gbp&cc=psychiccontact&title=68899&ekey=1a989ce5a9b504b267a810be41c8d114"}
2017-08-01 13:21:02|SEND_MESSAGE|SUCCESS
2017-08-01 13:21:11|149.202.136.54|POST_PARAMS|null
2017-08-01 13:21:11|POST|447923172694|psychic random can you touch your toes|O214UK|1065698692
2017-08-01 13:21:11|SUCCESS
2017-08-01 13:21:11|{"action":"mpush_ir_message","billing":"MT","country":"UK","number":"447923172694","network":"O214UK","shortcode":"68899","message":"psychic random can you touch your toes","request_url":"reply=1&id=1065698692&number=447923172694&network=O214UK&message=We+have+successfully+received+your+message.+A+psychic+will+reply+to+in+a+short+while.&value=1.5&currency=gbp&cc=psychiccontact&title=&ekey=1a989ce5a9b504b267a810be41c8d114","txtnation_msg_id":"1065698692","random":1}
2017-08-01 13:21:19|SEND_MESSAGE|42|34|I am  happy you assisted us on this test. Bless you!
2017-08-01 13:21:19|SEND_MESSAGE|Random Message
2017-08-01 13:21:20|SEND_MESSAGE|44|37|yes I can
2017-08-01 13:21:20|SEND_MESSAGE|Random Message
2017-08-01 13:21:19|SEND_MESSAGE|{"ref_message_id":"42","sender_id":"34","message":"I am  happy you assisted us on this test. Bless you!","request_url":"reply=0&value=1.5&number=447923172694&network=INTERNATIONAL&message=I+am++happy+you+assisted+us+on+this+test.+Bless+you%21&currency=gbp&cc=psychiccontact&title=68899&ekey=1a989ce5a9b504b267a810be41c8d114"}
2017-08-01 13:21:19|SEND_MESSAGE|SUCCESS
2017-08-01 13:21:20|SEND_MESSAGE|{"ref_message_id":"44","sender_id":"37","message":"yes I can","request_url":"reply=0&value=0&number=447923172694&network=INTERNATIONAL&message=yes+I+can&currency=gbp&cc=psychiccontact&title=68899&ekey=1a989ce5a9b504b267a810be41c8d114"}
2017-08-01 13:21:20|SEND_MESSAGE|SUCCESS
2017-08-01 13:21:28|SEND_MESSAGE|41|32|whats youer Q?
2017-08-01 13:21:28|SEND_MESSAGE|Random Message
2017-08-01 13:21:28|SEND_MESSAGE|{"ref_message_id":"41","sender_id":"32","message":"whats youer Q?","request_url":"reply=0&value=1.5&number=447799906908&network=INTERNATIONAL&message=whats+youer+Q%3F&currency=gbp&cc=psychiccontact&title=68899&ekey=1a989ce5a9b504b267a810be41c8d114"}
2017-08-01 13:21:28|SEND_MESSAGE|SUCCESS
2017-08-01 13:21:37|SEND_MESSAGE|39|34|random reply to test message
2017-08-01 13:21:37|SEND_MESSAGE|Random Message
2017-08-01 13:21:37|SEND_MESSAGE|{"ref_message_id":"39","sender_id":"34","message":"random reply to test message","request_url":"reply=0&value=1.5&number=447772256212&network=INTERNATIONAL&message=random+reply+to+test+message&currency=gbp&cc=psychiccontact&title=68899&ekey=1a989ce5a9b504b267a810be41c8d114"}
2017-08-01 13:21:37|SEND_MESSAGE|SUCCESS
2017-08-01 13:21:39|SEND_MESSAGE|39|34|random reply to test message
2017-08-01 13:21:39|SEND_MESSAGE|Random Message
2017-08-01 13:21:39|SEND_MESSAGE|{"ref_message_id":"39","sender_id":"34","message":"random reply to test message","request_url":"reply=0&value=1.5&number=447772256212&network=INTERNATIONAL&message=random+reply+to+test+message&currency=gbp&cc=psychiccontact&title=68899&ekey=1a989ce5a9b504b267a810be41c8d114"}
2017-08-01 13:21:39|SEND_MESSAGE|SUCCESS
2017-08-01 13:22:16|149.202.136.54|POST_PARAMS|null
2017-08-01 13:22:16|POST|447923172694|psychic random have you ever seen a rainbow|O214UK|1065698822
2017-08-01 13:22:16|SUCCESS
2017-08-01 13:22:16|{"action":"mpush_ir_message","billing":"MT","country":"UK","number":"447923172694","network":"O214UK","shortcode":"68899","message":"psychic random have you ever seen a rainbow","request_url":"reply=1&id=1065698822&number=447923172694&network=O214UK&message=We+have+successfully+received+your+message.+A+psychic+will+reply+to+in+a+short+while.&value=1.5&currency=gbp&cc=psychiccontact&title=&ekey=1a989ce5a9b504b267a810be41c8d114","txtnation_msg_id":"1065698822","random":1}
2017-08-01 13:22:20|SEND_MESSAGE|37|34|It is normal as usual ...
2017-08-01 13:22:20|SEND_MESSAGE|Random Message
2017-08-01 13:22:20|SEND_MESSAGE|{"ref_message_id":"37","sender_id":"34","message":"It is normal as usual ...","request_url":"reply=0&value=1.5&number=447923172694&network=INTERNATIONAL&message=It+is+normal+as+usual+...&currency=gbp&cc=psychiccontact&title=68899&ekey=1a989ce5a9b504b267a810be41c8d114"}
2017-08-01 13:22:20|SEND_MESSAGE|SUCCESS
2017-08-01 13:22:30|SEND_MESSAGE|45|37|yes I have! many times
2017-08-01 13:22:30|SEND_MESSAGE|Random Message
2017-08-01 13:22:30|SEND_MESSAGE|{"ref_message_id":"45","sender_id":"37","message":"yes I have! many times","request_url":"reply=0&value=0&number=447923172694&network=INTERNATIONAL&message=yes+I+have%21+many+times&currency=gbp&cc=psychiccontact&title=68899&ekey=1a989ce5a9b504b267a810be41c8d114"}
2017-08-01 13:22:30|SEND_MESSAGE|SUCCESS
2017-08-01 13:22:51|149.202.136.54|POST_PARAMS|null
2017-08-01 13:22:51|POST|447923172694|psychic random do you like chocolate|O214UK|1065698876
2017-08-01 13:22:51|SUCCESS
2017-08-01 13:22:51|{"action":"mpush_ir_message","billing":"MT","country":"UK","number":"447923172694","network":"O214UK","shortcode":"68899","message":"psychic random do you like chocolate","request_url":"reply=1&id=1065698876&number=447923172694&network=O214UK&message=We+have+successfully+received+your+message.+A+psychic+will+reply+to+in+a+short+while.&value=1.5&currency=gbp&cc=psychiccontact&title=&ekey=1a989ce5a9b504b267a810be41c8d114","txtnation_msg_id":"1065698876","random":1}
2017-08-01 13:23:01|SEND_MESSAGE|46|37|a looot
2017-08-01 13:23:01|SEND_MESSAGE|Random Message
2017-08-01 13:23:01|SEND_MESSAGE|{"ref_message_id":"46","sender_id":"37","message":"a looot","request_url":"reply=0&value=0&number=447923172694&network=INTERNATIONAL&message=a+looot&currency=gbp&cc=psychiccontact&title=68899&ekey=1a989ce5a9b504b267a810be41c8d114"}
2017-08-01 13:23:01|SEND_MESSAGE|SUCCESS
2017-08-01 13:23:57|SEND_MESSAGE|42|32|neither
2017-08-01 13:23:57|SEND_MESSAGE|Random Message
2017-08-01 13:23:57|SEND_MESSAGE|{"ref_message_id":"42","sender_id":"32","message":"neither","request_url":"reply=0&value=1.5&number=447923172694&network=INTERNATIONAL&message=neither&currency=gbp&cc=psychiccontact&title=68899&ekey=1a989ce5a9b504b267a810be41c8d114"}
2017-08-01 13:23:57|SEND_MESSAGE|SUCCESS
2017-08-01 13:24:47|SEND_MESSAGE|46|15|yes, i like chocolates
2017-08-01 13:24:47|SEND_MESSAGE|Random Message
2017-08-01 13:24:47|SEND_MESSAGE|{"ref_message_id":"46","sender_id":"15","message":"yes, i like chocolates","request_url":"reply=0&value=1.5&number=447923172694&network=INTERNATIONAL&message=yes%2C+i+like+chocolates&currency=gbp&cc=psychiccontact&title=68899&ekey=1a989ce5a9b504b267a810be41c8d114"}
2017-08-01 13:24:47|SEND_MESSAGE|SUCCESS
2017-08-01 13:24:57|SEND_MESSAGE|46|15|yes, i like chocolates
2017-08-01 13:24:57|SEND_MESSAGE|Random Message
2017-08-01 13:24:57|SEND_MESSAGE|{"ref_message_id":"46","sender_id":"15","message":"yes, i like chocolates","request_url":"reply=0&value=1.5&number=447923172694&network=INTERNATIONAL&message=yes%2C+i+like+chocolates&currency=gbp&cc=psychiccontact&title=68899&ekey=1a989ce5a9b504b267a810be41c8d114"}
2017-08-01 13:24:57|SEND_MESSAGE|SUCCESS
2017-08-01 13:24:58|SEND_MESSAGE|43|34|You will be lucky today..
2017-08-01 13:24:58|SEND_MESSAGE|Random Message
2017-08-01 13:24:58|SEND_MESSAGE|{"ref_message_id":"43","sender_id":"34","message":"You will be lucky today..","request_url":"reply=0&value=1.5&number=447445566731&network=INTERNATIONAL&message=You+will+be+lucky+today..&currency=gbp&cc=psychiccontact&title=68899&ekey=1a989ce5a9b504b267a810be41c8d114"}
2017-08-01 13:24:58|SEND_MESSAGE|SUCCESS
2017-08-01 13:25:00|SEND_MESSAGE|43|34|You will be lucky today..
2017-08-01 13:25:00|SEND_MESSAGE|Random Message
2017-08-01 13:25:00|SEND_MESSAGE|{"ref_message_id":"43","sender_id":"34","message":"You will be lucky today..","request_url":"reply=0&value=1.5&number=447445566731&network=INTERNATIONAL&message=You+will+be+lucky+today..&currency=gbp&cc=psychiccontact&title=68899&ekey=1a989ce5a9b504b267a810be41c8d114"}
2017-08-01 13:25:00|SEND_MESSAGE|SUCCESS
2017-08-01 13:25:18|SEND_MESSAGE|26|34|You will be lucky today!
2017-08-01 13:25:18|SEND_MESSAGE|Random Message
2017-08-01 13:25:18|SEND_MESSAGE|{"ref_message_id":"26","sender_id":"34","message":"You will be lucky today!","request_url":"reply=0&value=1.5&number=447445566731&network=INTERNATIONAL&message=You+will+be+lucky+today%21&currency=gbp&cc=psychiccontact&title=68899&ekey=1a989ce5a9b504b267a810be41c8d114"}
2017-08-01 13:25:18|SEND_MESSAGE|SUCCESS
2017-08-01 13:25:21|SEND_MESSAGE|45|15|Yes, I've seen a rainbow
2017-08-01 13:25:21|SEND_MESSAGE|Random Message
2017-08-01 13:25:21|SEND_MESSAGE|{"ref_message_id":"45","sender_id":"15","message":"Yes, I've seen a rainbow","request_url":"reply=0&value=1.5&number=447923172694&network=INTERNATIONAL&message=Yes%2C+I%27ve+seen+a+rainbow&currency=gbp&cc=psychiccontact&title=68899&ekey=1a989ce5a9b504b267a810be41c8d114"}
2017-08-01 13:25:21|SEND_MESSAGE|SUCCESS
2017-08-01 13:25:39|SEND_MESSAGE|44|15|yes, I can touch my toes
2017-08-01 13:25:39|SEND_MESSAGE|Random Message
2017-08-01 13:25:39|SEND_MESSAGE|{"ref_message_id":"44","sender_id":"15","message":"yes, I can touch my toes","request_url":"reply=0&value=1.5&number=447923172694&network=INTERNATIONAL&message=yes%2C+I+can+touch+my+toes&currency=gbp&cc=psychiccontact&title=68899&ekey=1a989ce5a9b504b267a810be41c8d114"}
2017-08-01 13:25:39|SEND_MESSAGE|SUCCESS
2017-08-01 13:26:22|SEND_MESSAGE|44|15|Yes I can touch my toes - test101
2017-08-01 13:26:22|SEND_MESSAGE|Random Message
2017-08-01 13:26:22|SEND_MESSAGE|{"ref_message_id":"44","sender_id":"15","message":"Yes I can touch my toes - test101","request_url":"reply=0&value=1.5&number=447923172694&network=INTERNATIONAL&message=Yes+I+can+touch+my+toes+-+test101&currency=gbp&cc=psychiccontact&title=68899&ekey=1a989ce5a9b504b267a810be41c8d114"}
2017-08-01 13:26:22|SEND_MESSAGE|SUCCESS
2017-08-01 13:27:31|SEND_MESSAGE|38|32|the Kinks- any Kinks song!
2017-08-01 13:27:31|SEND_MESSAGE|Random Message
2017-08-01 13:27:31|SEND_MESSAGE|{"ref_message_id":"38","sender_id":"32","message":"the Kinks- any Kinks song!","request_url":"reply=0&value=1.5&number=447923172694&network=INTERNATIONAL&message=the+Kinks-+any+Kinks+song%21&currency=gbp&cc=psychiccontact&title=68899&ekey=1a989ce5a9b504b267a810be41c8d114"}
2017-08-01 13:27:31|SEND_MESSAGE|SUCCESS
2017-08-01 13:28:15|SEND_MESSAGE|42|15|happy
2017-08-01 13:28:15|SEND_MESSAGE|Random Message
2017-08-01 13:28:15|SEND_MESSAGE|{"ref_message_id":"42","sender_id":"15","message":"happy","request_url":"reply=0&value=1.5&number=447923172694&network=INTERNATIONAL&message=happy&currency=gbp&cc=psychiccontact&title=68899&ekey=1a989ce5a9b504b267a810be41c8d114"}
2017-08-01 13:28:15|SEND_MESSAGE|SUCCESS
2017-08-01 13:28:41|SEND_MESSAGE|40|15|yes I can touch my nose with the tip of my tongue
2017-08-01 13:28:41|SEND_MESSAGE|Random Message
2017-08-01 13:28:41|SEND_MESSAGE|{"ref_message_id":"40","sender_id":"15","message":"yes I can touch my nose with the tip of my tongue","request_url":"reply=0&value=1.5&number=447923172694&network=INTERNATIONAL&message=yes+I+can+touch+my+nose+with+the+tip+of+my+tongue&currency=gbp&cc=psychiccontact&title=68899&ekey=1a989ce5a9b504b267a810be41c8d114"}
2017-08-01 13:28:41|SEND_MESSAGE|SUCCESS
2017-08-01 13:28:54|SEND_MESSAGE|38|15|macarena
2017-08-01 13:28:54|SEND_MESSAGE|Random Message
2017-08-01 13:28:54|SEND_MESSAGE|{"ref_message_id":"38","sender_id":"15","message":"macarena","request_url":"reply=0&value=1.5&number=447923172694&network=INTERNATIONAL&message=macarena&currency=gbp&cc=psychiccontact&title=68899&ekey=1a989ce5a9b504b267a810be41c8d114"}
2017-08-01 13:28:54|SEND_MESSAGE|SUCCESS
2017-08-01 13:30:19|SEND_MESSAGE|43|15|reply to random test
2017-08-01 13:30:19|SEND_MESSAGE|Random Message
2017-08-01 13:30:19|SEND_MESSAGE|{"ref_message_id":"43","sender_id":"15","message":"reply to random test","request_url":"reply=0&value=1.5&number=447445566731&network=INTERNATIONAL&message=reply+to+random+test&currency=gbp&cc=psychiccontact&title=68899&ekey=1a989ce5a9b504b267a810be41c8d114"}
2017-08-01 13:30:19|SEND_MESSAGE|SUCCESS
2017-08-01 13:30:23|SEND_MESSAGE|36|34|best time to hit the hay is 1am .. 
2017-08-01 13:30:23|SEND_MESSAGE|Random Message
2017-08-01 13:30:23|SEND_MESSAGE|{"ref_message_id":"36","sender_id":"34","message":"best time to hit the hay is 1am .. ","request_url":"reply=0&value=1.5&number=447923172694&network=INTERNATIONAL&message=best+time+to+hit+the+hay+is+1am+..+&currency=gbp&cc=psychiccontact&title=68899&ekey=1a989ce5a9b504b267a810be41c8d114"}
2017-08-01 13:30:23|SEND_MESSAGE|SUCCESS
2017-08-01 13:30:51|SEND_MESSAGE|37|15|very windy
2017-08-01 13:30:51|SEND_MESSAGE|Random Message
2017-08-01 13:30:51|SEND_MESSAGE|{"ref_message_id":"37","sender_id":"15","message":"very windy","request_url":"reply=0&value=1.5&number=447923172694&network=INTERNATIONAL&message=very+windy&currency=gbp&cc=psychiccontact&title=68899&ekey=1a989ce5a9b504b267a810be41c8d114"}
2017-08-01 13:30:51|SEND_MESSAGE|SUCCESS
2017-08-01 13:31:10|SEND_MESSAGE|39|15|reply to random teest
2017-08-01 13:31:10|SEND_MESSAGE|Random Message
2017-08-01 13:31:10|SEND_MESSAGE|{"ref_message_id":"39","sender_id":"15","message":"reply to random teest","request_url":"reply=0&value=1.5&number=447772256212&network=INTERNATIONAL&message=reply+to+random+teest&currency=gbp&cc=psychiccontact&title=68899&ekey=1a989ce5a9b504b267a810be41c8d114"}
2017-08-01 13:31:10|SEND_MESSAGE|SUCCESS
2017-08-01 13:31:22|SEND_MESSAGE|20|37|hey
2017-08-01 13:31:22|SEND_MESSAGE|Random Message
2017-08-01 13:31:22|SEND_MESSAGE|{"ref_message_id":"20","sender_id":"37","message":"hey","request_url":"reply=0&value=1.5&number=447802354284&network=INTERNATIONAL&message=hey&currency=gbp&cc=psychiccontact&title=68899&ekey=1a989ce5a9b504b267a810be41c8d114"}
2017-08-01 13:31:22|SEND_MESSAGE|SUCCESS
2017-08-01 13:31:33|SEND_MESSAGE|41|15|reply to random test from mobile xx6908
2017-08-01 13:31:33|SEND_MESSAGE|Random Message
2017-08-01 13:31:33|SEND_MESSAGE|{"ref_message_id":"41","sender_id":"15","message":"reply to random test from mobile xx6908","request_url":"reply=0&value=1.5&number=447799906908&network=INTERNATIONAL&message=reply+to+random+test+from+mobile+xx6908&currency=gbp&cc=psychiccontact&title=68899&ekey=1a989ce5a9b504b267a810be41c8d114"}
2017-08-01 13:31:33|SEND_MESSAGE|SUCCESS
2017-08-01 13:31:38|149.202.136.54|POST_PARAMS|null
2017-08-01 13:31:38|POST|447445566731|psychic random test123|THREE14UK|1065699722
2017-08-01 13:31:38|SUCCESS
2017-08-01 13:31:38|{"action":"mpush_ir_message","billing":"MT","country":"UK","number":"447445566731","network":"THREE14UK","shortcode":"68899","message":"psychic random test123","request_url":"reply=1&id=1065699722&number=447445566731&network=THREE14UK&message=We+have+successfully+received+your+message.+A+psychic+will+reply+to+in+a+short+while.&value=1.5&currency=gbp&cc=psychiccontact&title=&ekey=1a989ce5a9b504b267a810be41c8d114","txtnation_msg_id":"1065699722","random":1}
2017-08-01 13:31:51|SEND_MESSAGE|47|37|test
2017-08-01 13:31:51|SEND_MESSAGE|Random Message
2017-08-01 13:31:51|SEND_MESSAGE|{"ref_message_id":"47","sender_id":"37","message":"test","request_url":"reply=0&value=0&number=447445566731&network=INTERNATIONAL&message=test&currency=gbp&cc=psychiccontact&title=68899&ekey=1a989ce5a9b504b267a810be41c8d114"}
2017-08-01 13:31:51|SEND_MESSAGE|SUCCESS
2017-08-01 13:31:52|SEND_MESSAGE|20|15|replying to xx4284
2017-08-01 13:31:52|SEND_MESSAGE|Random Message
2017-08-01 13:31:52|SEND_MESSAGE|{"ref_message_id":"20","sender_id":"15","message":"replying to xx4284","request_url":"reply=0&value=1.5&number=447802354284&network=INTERNATIONAL&message=replying+to+xx4284&currency=gbp&cc=psychiccontact&title=68899&ekey=1a989ce5a9b504b267a810be41c8d114"}
2017-08-01 13:31:52|SEND_MESSAGE|SUCCESS
2017-08-01 13:32:10|SEND_MESSAGE|47|15|replying to test123
2017-08-01 13:32:10|SEND_MESSAGE|Random Message
2017-08-01 13:32:11|149.202.136.54|POST_PARAMS|null
2017-08-01 13:32:11|POST|447772256212|psychic random thisistest|ORANGE14UK|1065699770
2017-08-01 13:32:11|SEND_MESSAGE|47|32|who sent this?
2017-08-01 13:32:11|SEND_MESSAGE|Random Message
2017-08-01 13:32:10|SEND_MESSAGE|{"ref_message_id":"47","sender_id":"15","message":"replying to test123","request_url":"reply=0&value=1.5&number=447445566731&network=INTERNATIONAL&message=replying+to+test123&currency=gbp&cc=psychiccontact&title=68899&ekey=1a989ce5a9b504b267a810be41c8d114"}
2017-08-01 13:32:10|SEND_MESSAGE|SUCCESS
2017-08-01 13:32:11|SEND_MESSAGE|{"ref_message_id":"47","sender_id":"32","message":"who sent this?","request_url":"reply=0&value=1.5&number=447445566731&network=INTERNATIONAL&message=who+sent+this%3F&currency=gbp&cc=psychiccontact&title=68899&ekey=1a989ce5a9b504b267a810be41c8d114"}
2017-08-01 13:32:11|SEND_MESSAGE|SUCCESS
2017-08-01 13:32:11|SUCCESS
2017-08-01 13:32:11|{"action":"mpush_ir_message","billing":"MT","country":"UK","number":"447772256212","network":"ORANGE14UK","shortcode":"68899","message":"psychic random thisistest","request_url":"reply=1&id=1065699770&number=447772256212&network=ORANGE14UK&message=We+have+successfully+received+your+message.+A+psychic+will+reply+to+in+a+short+while.&value=1.5&currency=gbp&cc=psychiccontact&title=&ekey=1a989ce5a9b504b267a810be41c8d114","txtnation_msg_id":"1065699770","random":1}
2017-08-01 13:32:23|SEND_MESSAGE|48|37|hey
2017-08-01 13:32:23|SEND_MESSAGE|Random Message
2017-08-01 13:32:23|SEND_MESSAGE|{"ref_message_id":"48","sender_id":"37","message":"hey","request_url":"reply=0&value=0&number=447772256212&network=INTERNATIONAL&message=hey&currency=gbp&cc=psychiccontact&title=68899&ekey=1a989ce5a9b504b267a810be41c8d114"}
2017-08-01 13:32:23|SEND_MESSAGE|SUCCESS
2017-08-01 13:32:24|SEND_MESSAGE|48|37|hey
2017-08-01 13:32:24|SEND_MESSAGE|Random Message
2017-08-01 13:32:24|SEND_MESSAGE|{"ref_message_id":"48","sender_id":"37","message":"hey","request_url":"reply=0&value=1.5&number=447772256212&network=INTERNATIONAL&message=hey&currency=gbp&cc=psychiccontact&title=68899&ekey=1a989ce5a9b504b267a810be41c8d114"}
2017-08-01 13:32:24|SEND_MESSAGE|SUCCESS
2017-08-01 13:32:28|149.202.136.54|POST_PARAMS|null
2017-08-01 13:32:28|POST|447799906908|psychic random iamtest|VODAFONE14UK|1065699816
2017-08-01 13:32:28|SUCCESS
2017-08-01 13:32:28|{"action":"mpush_ir_message","billing":"MT","country":"UK","number":"447799906908","network":"VODAFONE14UK","shortcode":"68899","message":"psychic random iamtest","request_url":"reply=1&id=1065699816&number=447799906908&network=VODAFONE14UK&message=We+have+successfully+received+your+message.+A+psychic+will+reply+to+in+a+short+while.&value=1.5&currency=gbp&cc=psychiccontact&title=&ekey=1a989ce5a9b504b267a810be41c8d114","txtnation_msg_id":"1065699816","random":1}
2017-08-01 13:33:00|SEND_MESSAGE|49|37|hey
2017-08-01 13:33:00|SEND_MESSAGE|Random Message
2017-08-01 13:33:00|SEND_MESSAGE|{"ref_message_id":"49","sender_id":"37","message":"hey","request_url":"reply=0&value=0&number=447799906908&network=INTERNATIONAL&message=hey&currency=gbp&cc=psychiccontact&title=68899&ekey=1a989ce5a9b504b267a810be41c8d114"}
2017-08-01 13:33:00|SEND_MESSAGE|SUCCESS
2017-08-01 13:37:42|SEND_MESSAGE|49|32|hi this is from Jayson
2017-08-01 13:37:42|SEND_MESSAGE|Random Message
2017-08-01 13:37:42|SEND_MESSAGE|{"ref_message_id":"49","sender_id":"32","message":"hi this is from Jayson","request_url":"reply=0&value=1.5&number=447799906908&network=INTERNATIONAL&message=hi+this+is+from+Jayson&currency=gbp&cc=psychiccontact&title=68899&ekey=1a989ce5a9b504b267a810be41c8d114"}
2017-08-01 13:37:42|SEND_MESSAGE|SUCCESS
2017-08-01 13:38:02|SEND_MESSAGE|48|32|so is this
2017-08-01 13:38:02|SEND_MESSAGE|Random Message
2017-08-01 13:38:02|SEND_MESSAGE|{"ref_message_id":"48","sender_id":"32","message":"so is this","request_url":"reply=0&value=1.5&number=447772256212&network=INTERNATIONAL&message=so+is+this&currency=gbp&cc=psychiccontact&title=68899&ekey=1a989ce5a9b504b267a810be41c8d114"}
2017-08-01 13:38:02|SEND_MESSAGE|SUCCESS
2017-08-01 13:38:24|SEND_MESSAGE|39|32|whats for tea delta?
2017-08-01 13:38:24|SEND_MESSAGE|Random Message
2017-08-01 13:38:24|SEND_MESSAGE|{"ref_message_id":"39","sender_id":"32","message":"whats for tea delta?","request_url":"reply=0&value=1.5&number=447772256212&network=INTERNATIONAL&message=whats+for+tea+delta%3F&currency=gbp&cc=psychiccontact&title=68899&ekey=1a989ce5a9b504b267a810be41c8d114"}
2017-08-01 13:38:24|SEND_MESSAGE|SUCCESS
2017-08-01 13:38:45|SEND_MESSAGE|44|32|not this AM too tired
2017-08-01 13:38:45|SEND_MESSAGE|Random Message
2017-08-01 13:38:45|SEND_MESSAGE|{"ref_message_id":"44","sender_id":"32","message":"not this AM too tired","request_url":"reply=0&value=1.5&number=447923172694&network=INTERNATIONAL&message=not+this+AM+too+tired&currency=gbp&cc=psychiccontact&title=68899&ekey=1a989ce5a9b504b267a810be41c8d114"}
2017-08-01 13:38:45|SEND_MESSAGE|SUCCESS
2017-08-01 13:39:44|SEND_MESSAGE|49|15|reply to iamtest
2017-08-01 13:39:44|SEND_MESSAGE|Random Message
2017-08-01 13:39:44|SEND_MESSAGE|{"ref_message_id":"49","sender_id":"15","message":"reply to iamtest","request_url":"reply=0&value=1.5&number=447799906908&network=INTERNATIONAL&message=reply+to+iamtest&currency=gbp&cc=psychiccontact&title=68899&ekey=1a989ce5a9b504b267a810be41c8d114"}
2017-08-01 13:39:44|SEND_MESSAGE|SUCCESS
2017-08-01 13:39:56|SEND_MESSAGE|48|15|reply to thisistest
2017-08-01 13:39:56|SEND_MESSAGE|Random Message
2017-08-01 13:39:56|SEND_MESSAGE|{"ref_message_id":"48","sender_id":"15","message":"reply to thisistest","request_url":"reply=0&value=1.5&number=447772256212&network=INTERNATIONAL&message=reply+to+thisistest&currency=gbp&cc=psychiccontact&title=68899&ekey=1a989ce5a9b504b267a810be41c8d114"}
2017-08-01 13:39:56|SEND_MESSAGE|SUCCESS
2017-08-01 13:40:08|SEND_MESSAGE|47|15|reply to test123
2017-08-01 13:40:08|SEND_MESSAGE|Random Message
2017-08-01 13:40:08|SEND_MESSAGE|{"ref_message_id":"47","sender_id":"15","message":"reply to test123","request_url":"reply=0&value=1.5&number=447445566731&network=INTERNATIONAL&message=reply+to+test123&currency=gbp&cc=psychiccontact&title=68899&ekey=1a989ce5a9b504b267a810be41c8d114"}
2017-08-01 13:40:08|SEND_MESSAGE|SUCCESS
2017-08-01 13:41:28|SEND_MESSAGE|45|34|Yes it's awesome..
2017-08-01 13:41:28|SEND_MESSAGE|Random Message
2017-08-01 13:41:28|SEND_MESSAGE|{"ref_message_id":"45","sender_id":"34","message":"Yes it's awesome..","request_url":"reply=0&value=1.5&number=447923172694&network=INTERNATIONAL&message=Yes+it%27s+awesome..&currency=gbp&cc=psychiccontact&title=68899&ekey=1a989ce5a9b504b267a810be41c8d114"}
2017-08-01 13:41:28|SEND_MESSAGE|SUCCESS
2017-08-01 13:42:24|SEND_MESSAGE|45|32|why random?
2017-08-01 13:42:24|SEND_MESSAGE|Random Message
2017-08-01 13:42:24|SEND_MESSAGE|{"ref_message_id":"45","sender_id":"32","message":"why random?","request_url":"reply=0&value=1.5&number=447923172694&network=INTERNATIONAL&message=why+random%3F&currency=gbp&cc=psychiccontact&title=68899&ekey=1a989ce5a9b504b267a810be41c8d114"}
2017-08-01 13:42:24|SEND_MESSAGE|SUCCESS
2017-08-01 13:42:37|SEND_MESSAGE|46|32|ooookay
2017-08-01 13:42:37|SEND_MESSAGE|Random Message
2017-08-01 13:42:37|SEND_MESSAGE|{"ref_message_id":"46","sender_id":"32","message":"ooookay","request_url":"reply=0&value=1.5&number=447923172694&network=INTERNATIONAL&message=ooookay&currency=gbp&cc=psychiccontact&title=68899&ekey=1a989ce5a9b504b267a810be41c8d114"}
2017-08-01 13:42:37|SEND_MESSAGE|SUCCESS
2017-08-01 13:44:53|149.202.136.54|POST_PARAMS|null
2017-08-01 13:44:53|POST|447799906908|psychic test123|VODAFONE14UK|1065701238
2017-08-01 13:44:53|SUCCESS
2017-08-01 13:44:53|{"action":"mpush_ir_message","billing":"MT","country":"UK","number":"447799906908","network":"VODAFONE14UK","shortcode":"68899","message":"psychic test123","request_url":"reply=1&id=1065701238&number=447799906908&network=VODAFONE14UK&message=We+have+successfully+received+your+message.+A+psychic+will+reply+to+in+a+short+while.&value=1.5&currency=gbp&cc=psychiccontact&title=&ekey=1a989ce5a9b504b267a810be41c8d114","txtnation_msg_id":"1065701238","random":0}
2017-08-01 13:45:02|SEND_MESSAGE|50|37|hey
2017-08-01 13:45:02|SEND_MESSAGE|{"ref_message_id":"50","sender_id":"37","message":"hey","request_url":"reply=0&value=0&number=447799906908&network=INTERNATIONAL&message=hey&currency=gbp&cc=psychiccontact&title=68899&ekey=1a989ce5a9b504b267a810be41c8d114"}
2017-08-01 13:45:02|SEND_MESSAGE|SUCCESS
2017-08-01 13:45:31|149.202.136.54|POST_PARAMS|null
2017-08-01 13:45:31|POST|447445566731|psychic thisisatest|THREE14UK|1065701307
2017-08-01 13:45:31|SUCCESS
2017-08-01 13:45:31|{"action":"mpush_ir_message","billing":"MT","country":"UK","number":"447445566731","network":"THREE14UK","shortcode":"68899","message":"psychic thisisatest","request_url":"reply=1&id=1065701307&number=447445566731&network=THREE14UK&message=We+have+successfully+received+your+message.+A+psychic+will+reply+to+in+a+short+while.&value=1.5&currency=gbp&cc=psychiccontact&title=&ekey=1a989ce5a9b504b267a810be41c8d114","txtnation_msg_id":"1065701307","random":0}
2017-08-01 13:45:43|SEND_MESSAGE|51|37|test
2017-08-01 13:45:43|SEND_MESSAGE|{"ref_message_id":"51","sender_id":"37","message":"test","request_url":"reply=0&value=0&number=447445566731&network=INTERNATIONAL&message=test&currency=gbp&cc=psychiccontact&title=68899&ekey=1a989ce5a9b504b267a810be41c8d114"}
2017-08-01 13:45:43|SEND_MESSAGE|SUCCESS
2017-08-01 13:46:04|149.202.136.54|POST_PARAMS|null
2017-08-01 13:46:04|POST|447772256212|psychic iamtesting|ORANGE14UK|1065701353
2017-08-01 13:46:04|SUCCESS
2017-08-01 13:46:04|{"action":"mpush_ir_message","billing":"MT","country":"UK","number":"447772256212","network":"ORANGE14UK","shortcode":"68899","message":"psychic iamtesting","request_url":"reply=1&id=1065701353&number=447772256212&network=ORANGE14UK&message=We+have+successfully+received+your+message.+A+psychic+will+reply+to+in+a+short+while.&value=1.5&currency=gbp&cc=psychiccontact&title=&ekey=1a989ce5a9b504b267a810be41c8d114","txtnation_msg_id":"1065701353","random":0}
2017-08-01 13:46:13|SEND_MESSAGE|52|37|hey
2017-08-01 13:46:13|SEND_MESSAGE|{"ref_message_id":"52","sender_id":"37","message":"hey","request_url":"reply=0&value=0&number=447772256212&network=INTERNATIONAL&message=hey&currency=gbp&cc=psychiccontact&title=68899&ekey=1a989ce5a9b504b267a810be41c8d114"}
2017-08-01 13:46:13|SEND_MESSAGE|SUCCESS
2017-08-01 13:48:00|149.202.136.54|POST_PARAMS|null
2017-08-01 13:48:00|POST|447799906908|psychic test|VODAFONE14UK|1065701517
2017-08-01 13:48:00|SUCCESS
2017-08-01 13:48:00|{"action":"mpush_ir_message","billing":"MT","country":"UK","number":"447799906908","network":"VODAFONE14UK","shortcode":"68899","message":"psychic test","request_url":"reply=1&id=1065701517&number=447799906908&network=VODAFONE14UK&message=We+have+successfully+received+your+message.+A+psychic+will+reply+to+in+a+short+while.&value=1.5&currency=gbp&cc=psychiccontact&title=&ekey=1a989ce5a9b504b267a810be41c8d114","txtnation_msg_id":"1065701517","random":0}
2017-08-01 13:48:11|SEND_MESSAGE|53|37|test
2017-08-01 13:48:11|SEND_MESSAGE|{"ref_message_id":"53","sender_id":"37","message":"test","request_url":"reply=0&value=0&number=447799906908&network=INTERNATIONAL&message=test&currency=gbp&cc=psychiccontact&title=68899&ekey=1a989ce5a9b504b267a810be41c8d114"}
2017-08-01 13:48:11|SEND_MESSAGE|SUCCESS
2017-08-01 13:48:14|149.202.136.54|POST_PARAMS|null
2017-08-01 13:48:14|POST|447799906908|psychic testing|VODAFONE14UK|1065701545
2017-08-01 13:48:14|SUCCESS
2017-08-01 13:48:14|{"action":"mpush_ir_message","billing":"MT","country":"UK","number":"447799906908","network":"VODAFONE14UK","shortcode":"68899","message":"psychic testing","request_url":"reply=1&id=1065701545&number=447799906908&network=VODAFONE14UK&message=We+have+successfully+received+your+message.+A+psychic+will+reply+to+in+a+short+while.&value=1.5&currency=gbp&cc=psychiccontact&title=&ekey=1a989ce5a9b504b267a810be41c8d114","txtnation_msg_id":"1065701545","random":0}
2017-08-01 13:48:22|SEND_MESSAGE|54|37|hey
2017-08-01 13:48:22|SEND_MESSAGE|{"ref_message_id":"54","sender_id":"37","message":"hey","request_url":"reply=0&value=0&number=447799906908&network=INTERNATIONAL&message=hey&currency=gbp&cc=psychiccontact&title=68899&ekey=1a989ce5a9b504b267a810be41c8d114"}
2017-08-01 13:48:22|SEND_MESSAGE|SUCCESS
2017-08-01 13:48:23|SEND_MESSAGE|54|37|hey
2017-08-01 13:48:23|SEND_MESSAGE|Message is not yet marked as read
2017-08-01 13:48:24|149.202.136.54|POST_PARAMS|null
2017-08-01 13:48:24|POST|447799906908|psychic test123|VODAFONE14UK|1065701566
2017-08-01 13:48:24|SUCCESS
2017-08-01 13:48:24|{"action":"mpush_ir_message","billing":"MT","country":"UK","number":"447799906908","network":"VODAFONE14UK","shortcode":"68899","message":"psychic test123","request_url":"reply=1&id=1065701566&number=447799906908&network=VODAFONE14UK&message=We+have+successfully+received+your+message.+A+psychic+will+reply+to+in+a+short+while.&value=1.5&currency=gbp&cc=psychiccontact&title=&ekey=1a989ce5a9b504b267a810be41c8d114","txtnation_msg_id":"1065701566","random":0}
2017-08-01 13:48:32|149.202.136.54|POST_PARAMS|null
2017-08-01 13:48:32|POST|447799906908|psychic testingthis|VODAFONE14UK|1065701580
2017-08-01 13:48:32|SUCCESS
2017-08-01 13:48:32|{"action":"mpush_ir_message","billing":"MT","country":"UK","number":"447799906908","network":"VODAFONE14UK","shortcode":"68899","message":"psychic testingthis","request_url":"reply=1&id=1065701580&number=447799906908&network=VODAFONE14UK&message=We+have+successfully+received+your+message.+A+psychic+will+reply+to+in+a+short+while.&value=1.5&currency=gbp&cc=psychiccontact&title=&ekey=1a989ce5a9b504b267a810be41c8d114","txtnation_msg_id":"1065701580","random":0}
2017-08-01 13:48:35|SEND_MESSAGE|55|37|Hello
2017-08-01 13:48:35|SEND_MESSAGE|{"ref_message_id":"55","sender_id":"37","message":"Hello","request_url":"reply=0&value=0&number=447799906908&network=INTERNATIONAL&message=Hello&currency=gbp&cc=psychiccontact&title=68899&ekey=1a989ce5a9b504b267a810be41c8d114"}
2017-08-01 13:48:35|SEND_MESSAGE|SUCCESS
2017-08-01 13:48:47|SEND_MESSAGE|56|34|reply to psychic testingthis
2017-08-01 13:48:47|SEND_MESSAGE|{"ref_message_id":"56","sender_id":"34","message":"reply to psychic testingthis","request_url":"reply=0&value=0&number=447799906908&network=INTERNATIONAL&message=reply+to+psychic+testingthis&currency=gbp&cc=psychiccontact&title=68899&ekey=1a989ce5a9b504b267a810be41c8d114"}
2017-08-01 13:48:47|SEND_MESSAGE|SUCCESS
2017-08-01 13:51:16|149.202.136.54|POST_PARAMS|null
2017-08-01 13:51:16|POST|447799906908|psychic 123|VODAFONE14UK|1065701890
2017-08-01 13:51:16|SUCCESS
2017-08-01 13:51:16|{"action":"mpush_ir_message","billing":"MT","country":"UK","number":"447799906908","network":"VODAFONE14UK","shortcode":"68899","message":"psychic 123","request_url":"reply=1&id=1065701890&number=447799906908&network=VODAFONE14UK&message=We+have+successfully+received+your+message.+A+psychic+will+reply+to+in+a+short+while.&value=1.5&currency=gbp&cc=psychiccontact&title=&ekey=1a989ce5a9b504b267a810be41c8d114","txtnation_msg_id":"1065701890","random":0}
2017-08-01 13:51:28|149.202.136.54|POST_PARAMS|null
2017-08-01 13:51:28|POST|447799906908|psychic 567|VODAFONE14UK|1065701909
2017-08-01 13:51:30|SEND_MESSAGE|57|15|reply to 123 6908
2017-08-01 13:51:28|SUCCESS
2017-08-01 13:51:28|{"action":"mpush_ir_message","billing":"MT","country":"UK","number":"447799906908","network":"VODAFONE14UK","shortcode":"68899","message":"psychic 567","request_url":"reply=1&id=1065701909&number=447799906908&network=VODAFONE14UK&message=We+have+successfully+received+your+message.+A+psychic+will+reply+to+in+a+short+while.&value=1.5&currency=gbp&cc=psychiccontact&title=&ekey=1a989ce5a9b504b267a810be41c8d114","txtnation_msg_id":"1065701909","random":0}
2017-08-01 13:51:30|SEND_MESSAGE|{"ref_message_id":"57","sender_id":"15","message":"reply to 123 6908","request_url":"reply=0&value=0&number=447799906908&network=INTERNATIONAL&message=reply+to+123+6908&currency=gbp&cc=psychiccontact&title=68899&ekey=1a989ce5a9b504b267a810be41c8d114"}
2017-08-01 13:51:30|SEND_MESSAGE|SUCCESS
2017-08-01 13:51:36|149.202.136.54|POST_PARAMS|null
2017-08-01 13:51:36|POST|447799906908|psychic 222|VODAFONE14UK|1065701924
2017-08-01 13:51:36|SUCCESS
2017-08-01 13:51:36|{"action":"mpush_ir_message","billing":"MT","country":"UK","number":"447799906908","network":"VODAFONE14UK","shortcode":"68899","message":"psychic 222","request_url":"reply=1&id=1065701924&number=447799906908&network=VODAFONE14UK&message=We+have+successfully+received+your+message.+A+psychic+will+reply+to+in+a+short+while.&value=1.5&currency=gbp&cc=psychiccontact&title=&ekey=1a989ce5a9b504b267a810be41c8d114","txtnation_msg_id":"1065701924","random":0}
2017-08-01 13:51:41|SEND_MESSAGE|58|37|1 2 3
2017-08-01 13:51:41|SEND_MESSAGE|{"ref_message_id":"58","sender_id":"37","message":"1 2 3","request_url":"reply=0&value=0&number=447799906908&network=INTERNATIONAL&message=1+2+3&currency=gbp&cc=psychiccontact&title=68899&ekey=1a989ce5a9b504b267a810be41c8d114"}
2017-08-01 13:51:41|SEND_MESSAGE|SUCCESS
2017-08-01 13:51:49|149.202.136.54|POST_PARAMS|null
2017-08-01 13:51:49|POST|447799906908|psychic 303|VODAFONE14UK|1065701941
2017-08-01 13:51:50|SEND_MESSAGE|59|15|reply to 222
2017-08-01 13:51:50|SEND_MESSAGE|{"ref_message_id":"59","sender_id":"15","message":"reply to 222","request_url":"reply=0&value=0&number=447799906908&network=INTERNATIONAL&message=reply+to+222&currency=gbp&cc=psychiccontact&title=68899&ekey=1a989ce5a9b504b267a810be41c8d114"}
2017-08-01 13:51:50|SEND_MESSAGE|SUCCESS
2017-08-01 13:51:49|SUCCESS
2017-08-01 13:51:49|{"action":"mpush_ir_message","billing":"MT","country":"UK","number":"447799906908","network":"VODAFONE14UK","shortcode":"68899","message":"psychic 303","request_url":"reply=1&id=1065701941&number=447799906908&network=VODAFONE14UK&message=We+have+successfully+received+your+message.+A+psychic+will+reply+to+in+a+short+while.&value=1.5&currency=gbp&cc=psychiccontact&title=&ekey=1a989ce5a9b504b267a810be41c8d114","txtnation_msg_id":"1065701941","random":0}
2017-08-01 13:51:58|SEND_MESSAGE|60|37|hey 3 0 3
2017-08-01 13:51:58|SEND_MESSAGE|{"ref_message_id":"60","sender_id":"37","message":"hey 3 0 3","request_url":"reply=0&value=0&number=447799906908&network=INTERNATIONAL&message=hey+3+0+3&currency=gbp&cc=psychiccontact&title=68899&ekey=1a989ce5a9b504b267a810be41c8d114"}
2017-08-01 13:51:58|SEND_MESSAGE|SUCCESS
2017-08-01 13:52:10|149.202.136.54|POST_PARAMS|null
2017-08-01 13:52:10|POST|447799906908|psychic 456|VODAFONE14UK|1065701962
2017-08-01 13:52:10|SUCCESS
2017-08-01 13:52:10|{"action":"mpush_ir_message","billing":"MT","country":"UK","number":"447799906908","network":"VODAFONE14UK","shortcode":"68899","message":"psychic 456","request_url":"reply=1&id=1065701962&number=447799906908&network=VODAFONE14UK&message=We+have+successfully+received+your+message.+A+psychic+will+reply+to+in+a+short+while.&value=1.5&currency=gbp&cc=psychiccontact&title=&ekey=1a989ce5a9b504b267a810be41c8d114","txtnation_msg_id":"1065701962","random":0}
2017-08-01 13:52:19|SEND_MESSAGE|61|37|Hello
2017-08-01 13:52:19|SEND_MESSAGE|{"ref_message_id":"61","sender_id":"37","message":"Hello","request_url":"reply=0&value=0&number=447799906908&network=INTERNATIONAL&message=Hello&currency=gbp&cc=psychiccontact&title=68899&ekey=1a989ce5a9b504b267a810be41c8d114"}
2017-08-01 13:52:19|SEND_MESSAGE|SUCCESS
2017-08-01 13:52:36|SEND_MESSAGE|49|34|reply to  psychic random iamtest
2017-08-01 13:52:36|SEND_MESSAGE|Random Message
2017-08-01 13:52:36|SEND_MESSAGE|{"ref_message_id":"49","sender_id":"34","message":"reply to  psychic random iamtest","request_url":"reply=0&value=1.5&number=447799906908&network=INTERNATIONAL&message=reply+to++psychic+random+iamtest&currency=gbp&cc=psychiccontact&title=68899&ekey=1a989ce5a9b504b267a810be41c8d114"}
2017-08-01 13:52:36|SEND_MESSAGE|SUCCESS
2017-08-01 13:53:18|149.202.136.54|POST_PARAMS|null
2017-08-01 13:53:18|POST|447799906908|psychic 808|VODAFONE14UK|1065702054
2017-08-01 13:53:18|SUCCESS
2017-08-01 13:53:18|{"action":"mpush_ir_message","billing":"MT","country":"UK","number":"447799906908","network":"VODAFONE14UK","shortcode":"68899","message":"psychic 808","request_url":"reply=1&id=1065702054&number=447799906908&network=VODAFONE14UK&message=We+have+successfully+received+your+message.+A+psychic+will+reply+to+in+a+short+while.&value=1.5&currency=gbp&cc=psychiccontact&title=&ekey=1a989ce5a9b504b267a810be41c8d114","txtnation_msg_id":"1065702054","random":0}
2017-08-01 13:53:26|149.202.136.54|POST_PARAMS|null
2017-08-01 13:53:26|POST|447799906908|psychic 999|VODAFONE14UK|1065702068
2017-08-01 13:53:26|SUCCESS
2017-08-01 13:53:26|{"action":"mpush_ir_message","billing":"MT","country":"UK","number":"447799906908","network":"VODAFONE14UK","shortcode":"68899","message":"psychic 999","request_url":"reply=1&id=1065702068&number=447799906908&network=VODAFONE14UK&message=We+have+successfully+received+your+message.+A+psychic+will+reply+to+in+a+short+while.&value=1.5&currency=gbp&cc=psychiccontact&title=&ekey=1a989ce5a9b504b267a810be41c8d114","txtnation_msg_id":"1065702068","random":0}
2017-08-01 13:53:30|SEND_MESSAGE|62|32|808 is mine
2017-08-01 13:53:30|SEND_MESSAGE|{"ref_message_id":"62","sender_id":"32","message":"808 is mine","request_url":"reply=0&value=0&number=447799906908&network=INTERNATIONAL&message=808+is+mine&currency=gbp&cc=psychiccontact&title=68899&ekey=1a989ce5a9b504b267a810be41c8d114"}
2017-08-01 13:53:30|SEND_MESSAGE|SUCCESS
2017-08-01 13:53:39|149.202.136.54|POST_PARAMS|null
2017-08-01 13:53:39|POST|447799906908|psychic 103|VODAFONE14UK|1065702086
2017-08-01 13:53:39|SUCCESS
2017-08-01 13:53:39|{"action":"mpush_ir_message","billing":"MT","country":"UK","number":"447799906908","network":"VODAFONE14UK","shortcode":"68899","message":"psychic 103","request_url":"reply=1&id=1065702086&number=447799906908&network=VODAFONE14UK&message=We+have+successfully+received+your+message.+A+psychic+will+reply+to+in+a+short+while.&value=1.5&currency=gbp&cc=psychiccontact&title=&ekey=1a989ce5a9b504b267a810be41c8d114","txtnation_msg_id":"1065702086","random":0}
2017-08-01 13:53:41|SEND_MESSAGE|63|15|reply to 999
2017-08-01 13:53:41|SEND_MESSAGE|{"ref_message_id":"63","sender_id":"15","message":"reply to 999","request_url":"reply=0&value=0&number=447799906908&network=INTERNATIONAL&message=reply+to+999&currency=gbp&cc=psychiccontact&title=68899&ekey=1a989ce5a9b504b267a810be41c8d114"}
2017-08-01 13:53:41|SEND_MESSAGE|SUCCESS
2017-08-01 13:53:43|SEND_MESSAGE|63|15|reply to 999
2017-08-01 13:53:43|SEND_MESSAGE|Message is not yet marked as read
2017-08-01 13:53:47|SEND_MESSAGE|64|32|999 is mine
2017-08-01 13:53:47|SEND_MESSAGE|{"ref_message_id":"64","sender_id":"32","message":"999 is mine","request_url":"reply=0&value=0&number=447799906908&network=INTERNATIONAL&message=999+is+mine&currency=gbp&cc=psychiccontact&title=68899&ekey=1a989ce5a9b504b267a810be41c8d114"}
2017-08-01 13:53:47|SEND_MESSAGE|SUCCESS
2017-08-01 13:53:51|149.202.136.54|POST_PARAMS|null
2017-08-01 13:53:51|POST|447799906908|psychic 000|VODAFONE14UK|1065702097
2017-08-01 13:53:51|SUCCESS
2017-08-01 13:53:51|{"action":"mpush_ir_message","billing":"MT","country":"UK","number":"447799906908","network":"VODAFONE14UK","shortcode":"68899","message":"psychic 000","request_url":"reply=1&id=1065702097&number=447799906908&network=VODAFONE14UK&message=We+have+successfully+received+your+message.+A+psychic+will+reply+to+in+a+short+while.&value=1.5&currency=gbp&cc=psychiccontact&title=&ekey=1a989ce5a9b504b267a810be41c8d114","txtnation_msg_id":"1065702097","random":0}
2017-08-01 13:54:03|SEND_MESSAGE|65|15|reply to 000
2017-08-01 13:54:03|SEND_MESSAGE|{"ref_message_id":"65","sender_id":"15","message":"reply to 000","request_url":"reply=0&value=0&number=447799906908&network=INTERNATIONAL&message=reply+to+000&currency=gbp&cc=psychiccontact&title=68899&ekey=1a989ce5a9b504b267a810be41c8d114"}
2017-08-01 13:54:03|SEND_MESSAGE|SUCCESS
2017-08-01 13:54:04|SEND_MESSAGE|65|15|reply to 000
2017-08-01 13:54:04|SEND_MESSAGE|Message is not yet marked as read
2017-08-01 13:54:17|149.202.136.54|POST_PARAMS|null
2017-08-01 13:54:17|POST|447799906908|psychic 444|VODAFONE14UK|1065702131
2017-08-01 13:54:17|SUCCESS
2017-08-01 13:54:17|{"action":"mpush_ir_message","billing":"MT","country":"UK","number":"447799906908","network":"VODAFONE14UK","shortcode":"68899","message":"psychic 444","request_url":"reply=1&id=1065702131&number=447799906908&network=VODAFONE14UK&message=We+have+successfully+received+your+message.+A+psychic+will+reply+to+in+a+short+while.&value=1.5&currency=gbp&cc=psychiccontact&title=&ekey=1a989ce5a9b504b267a810be41c8d114","txtnation_msg_id":"1065702131","random":0}
2017-08-01 13:54:28|SEND_MESSAGE|66|37|Hey
2017-08-01 13:54:28|SEND_MESSAGE|{"ref_message_id":"66","sender_id":"37","message":"Hey","request_url":"reply=0&value=0&number=447799906908&network=INTERNATIONAL&message=Hey&currency=gbp&cc=psychiccontact&title=68899&ekey=1a989ce5a9b504b267a810be41c8d114"}
2017-08-01 13:54:28|SEND_MESSAGE|SUCCESS
2017-08-01 13:55:14|149.202.136.54|POST_PARAMS|null
2017-08-01 13:55:14|POST|447799906908|psychic 290|VODAFONE14UK|1065702202
2017-08-01 13:55:14|SUCCESS
2017-08-01 13:55:14|{"action":"mpush_ir_message","billing":"MT","country":"UK","number":"447799906908","network":"VODAFONE14UK","shortcode":"68899","message":"psychic 290","request_url":"reply=1&id=1065702202&number=447799906908&network=VODAFONE14UK&message=We+have+successfully+received+your+message.+A+psychic+will+reply+to+in+a+short+while.&value=1.5&currency=gbp&cc=psychiccontact&title=&ekey=1a989ce5a9b504b267a810be41c8d114","txtnation_msg_id":"1065702202","random":0}
2017-08-01 13:55:29|SEND_MESSAGE|67|37|hey
2017-08-01 13:55:29|SEND_MESSAGE|{"ref_message_id":"67","sender_id":"37","message":"hey","request_url":"reply=0&value=0&number=447799906908&network=INTERNATIONAL&message=hey&currency=gbp&cc=psychiccontact&title=68899&ekey=1a989ce5a9b504b267a810be41c8d114"}
2017-08-01 13:55:29|SEND_MESSAGE|SUCCESS
