2017-07-03 08:08:07|SEND_MESSAGE|309|15|testing id 309
2017-07-03 08:08:40|SEND_MESSAGE|309|15|test
2017-07-03 13:41:45|149.202.136.54|POST_PARAMS|null
2017-07-03 13:41:45|POST|447960759867|psychics what is the weather today|TMOBILE14UK|1058887767
2017-07-03 13:41:45|SUCCESS
2017-07-03 13:41:45|{"action":"mpush_ir_message","billing":"MT","country":"UK","number":"447960759867","network":"TMOBILE14UK","shortcode":"68899","message":"psychics what is the weather today","request_url":"reply=1&id=1058887767&number=447960759867&network=TMOBILE14UK&message=We+have+successfully+received+your+message.+A+psychic+will+reply+to+in+a+short+while.&value=1.5&currency=gbp&cc=psychiccontact&title=&ekey=1a989ce5a9b504b267a810be41c8d114","txtnation_msg_id":"1058887767"}
2017-07-03 13:42:28|149.202.136.54|POST_PARAMS|null
2017-07-03 13:42:28|POST|447808242645|psychics is jason related to feeddie|O214UK|1058887945
2017-07-03 13:42:28|SUCCESS
2017-07-03 13:42:28|{"action":"mpush_ir_message","billing":"MT","country":"UK","number":"447808242645","network":"O214UK","shortcode":"68899","message":"psychics is jason related to feeddie","request_url":"reply=1&id=1058887945&number=447808242645&network=O214UK&message=We+have+successfully+received+your+message.+A+psychic+will+reply+to+in+a+short+while.&value=1.5&currency=gbp&cc=psychiccontact&title=&ekey=1a989ce5a9b504b267a810be41c8d114","txtnation_msg_id":"1058887945"}
2017-07-03 13:43:04|149.202.136.54|POST_PARAMS|null
2017-07-03 13:43:04|POST|447506548877|psychics is joy happy|TMOBILE14UK|1058888107
2017-07-03 13:43:04|SUCCESS
2017-07-03 13:43:04|{"action":"mpush_ir_message","billing":"MT","country":"UK","number":"447506548877","network":"TMOBILE14UK","shortcode":"68899","message":"psychics is joy happy","request_url":"reply=1&id=1058888107&number=447506548877&network=TMOBILE14UK&message=We+have+successfully+received+your+message.+A+psychic+will+reply+to+in+a+short+while.&value=1.5&currency=gbp&cc=psychiccontact&title=&ekey=1a989ce5a9b504b267a810be41c8d114","txtnation_msg_id":"1058888107"}
2017-07-03 13:44:17|SEND_MESSAGE|3|32|hello rob this is Jayson
2017-07-03 13:44:17|SEND_MESSAGE|{"ref_message_id":"3","sender_id":"32","message":"hello rob this is Jayson","request_url":"reply=0&number=447506548877&network=INTERNATIONAL&message=hello+rob+this+is+Jayson&value=0&currency=gbp&cc=psychiccontact&title=jayson101&ekey=1a989ce5a9b504b267a810be41c8d114"}
2017-07-03 13:44:17|SEND_MESSAGE|SUCCESS
2017-07-03 13:44:44|SEND_MESSAGE|1|32|about to rain!
2017-07-03 13:44:44|SEND_MESSAGE|{"ref_message_id":"1","sender_id":"32","message":"about to rain!","request_url":"reply=0&number=447960759867&network=INTERNATIONAL&message=about+to+rain%21&value=0&currency=gbp&cc=psychiccontact&title=jayson101&ekey=1a989ce5a9b504b267a810be41c8d114"}
2017-07-03 13:44:44|SEND_MESSAGE|SUCCESS
2017-07-03 13:45:28|SEND_MESSAGE|2|34|No Jayson is not related to feeddie... :)
2017-07-03 13:45:28|SEND_MESSAGE|{"ref_message_id":"2","sender_id":"34","message":"No Jayson is not related to feeddie... :)","request_url":"reply=0&number=447808242645&network=INTERNATIONAL&message=No+Jayson+is+not+related+to+feeddie...+%3A%29&value=0&currency=gbp&cc=psychiccontact&title=eric101&ekey=1a989ce5a9b504b267a810be41c8d114"}
2017-07-03 13:45:28|SEND_MESSAGE|SUCCESS
2017-07-03 13:47:52|149.202.136.54|POST_PARAMS|null
2017-07-03 13:47:52|POST|447808242645|psychics how about freddie|O214UK|1058889140
2017-07-03 13:47:52|SUCCESS
2017-07-03 13:47:52|{"action":"mpush_ir_message","billing":"MT","country":"UK","number":"447808242645","network":"O214UK","shortcode":"68899","message":"psychics how about freddie","request_url":"reply=1&id=1058889140&number=447808242645&network=O214UK&message=We+have+successfully+received+your+message.+A+psychic+will+reply+to+in+a+short+while.&value=1.5&currency=gbp&cc=psychiccontact&title=&ekey=1a989ce5a9b504b267a810be41c8d114","txtnation_msg_id":"1058889140"}
2017-07-03 13:48:06|149.202.136.54|POST_PARAMS|null
2017-07-03 13:48:06|POST|447960759867|psychics but it's sunny|TMOBILE14UK|1058889200
2017-07-03 13:48:06|SUCCESS
2017-07-03 13:48:06|{"action":"mpush_ir_message","billing":"MT","country":"UK","number":"447960759867","network":"TMOBILE14UK","shortcode":"68899","message":"psychics but it's sunny","request_url":"reply=1&id=1058889200&number=447960759867&network=TMOBILE14UK&message=We+have+successfully+received+your+message.+A+psychic+will+reply+to+in+a+short+while.&value=1.5&currency=gbp&cc=psychiccontact&title=&ekey=1a989ce5a9b504b267a810be41c8d114","txtnation_msg_id":"1058889200"}
2017-07-03 13:48:17|SEND_MESSAGE|4|32|Mercury?
2017-07-03 13:48:17|SEND_MESSAGE|{"ref_message_id":"4","sender_id":"32","message":"Mercury?","request_url":"reply=0&number=447808242645&network=INTERNATIONAL&message=Mercury%3F&value=0&currency=gbp&cc=psychiccontact&title=jayson101&ekey=1a989ce5a9b504b267a810be41c8d114"}
2017-07-03 13:48:17|SEND_MESSAGE|SUCCESS
2017-07-03 13:49:23|SEND_MESSAGE|5|15|this is a reply to message no. 5
2017-07-03 13:49:23|SEND_MESSAGE|{"ref_message_id":"5","sender_id":"15","message":"this is a reply to message no. 5","request_url":"reply=0&number=447960759867&network=INTERNATIONAL&message=this+is+a+reply+to+message+no.+5&value=0&currency=gbp&cc=psychiccontact&title=test101&ekey=1a989ce5a9b504b267a810be41c8d114"}
2017-07-03 13:49:23|SEND_MESSAGE|SUCCESS
2017-07-03 13:54:13|149.202.136.54|POST_PARAMS|null
2017-07-03 13:54:13|POST|447808242645|psychics krueger|O214UK|1058890627
2017-07-03 13:54:13|SUCCESS
2017-07-03 13:54:13|{"action":"mpush_ir_message","billing":"MT","country":"UK","number":"447808242645","network":"O214UK","shortcode":"68899","message":"psychics krueger","request_url":"reply=1&id=1058890627&number=447808242645&network=O214UK&message=We+have+successfully+received+your+message.+A+psychic+will+reply+to+in+a+short+while.&value=1.5&currency=gbp&cc=psychiccontact&title=&ekey=1a989ce5a9b504b267a810be41c8d114","txtnation_msg_id":"1058890627"}
2017-07-03 13:55:06|149.202.136.54|POST_PARAMS|null
2017-07-03 13:55:06|POST|447506548877|psychics fast|TMOBILE14UK|1058890844
2017-07-03 13:55:06|SUCCESS
2017-07-03 13:55:06|{"action":"mpush_ir_message","billing":"MT","country":"UK","number":"447506548877","network":"TMOBILE14UK","shortcode":"68899","message":"psychics fast","request_url":"reply=1&id=1058890844&number=447506548877&network=TMOBILE14UK&message=We+have+successfully+received+your+message.+A+psychic+will+reply+to+in+a+short+while.&value=1.5&currency=gbp&cc=psychiccontact&title=&ekey=1a989ce5a9b504b267a810be41c8d114","txtnation_msg_id":"1058890844"}
2017-07-03 13:55:37|149.202.136.54|POST_PARAMS|null
2017-07-03 13:55:37|POST|447506548877|psychics test|TMOBILE14UK|1058890994
2017-07-03 13:55:37|SUCCESS
2017-07-03 13:55:37|{"action":"mpush_ir_message","billing":"MT","country":"UK","number":"447506548877","network":"TMOBILE14UK","shortcode":"68899","message":"psychics test","request_url":"reply=1&id=1058890994&number=447506548877&network=TMOBILE14UK&message=We+have+successfully+received+your+message.+A+psychic+will+reply+to+in+a+short+while.&value=1.5&currency=gbp&cc=psychiccontact&title=&ekey=1a989ce5a9b504b267a810be41c8d114","txtnation_msg_id":"1058890994"}
2017-07-03 13:55:46|149.202.136.54|POST_PARAMS|null
2017-07-03 13:55:46|POST|447808242645|psychics test|O214UK|1058891037
2017-07-03 13:55:46|SUCCESS
2017-07-03 13:55:46|{"action":"mpush_ir_message","billing":"MT","country":"UK","number":"447808242645","network":"O214UK","shortcode":"68899","message":"psychics test","request_url":"reply=1&id=1058891037&number=447808242645&network=O214UK&message=We+have+successfully+received+your+message.+A+psychic+will+reply+to+in+a+short+while.&value=1.5&currency=gbp&cc=psychiccontact&title=&ekey=1a989ce5a9b504b267a810be41c8d114","txtnation_msg_id":"1058891037"}
2017-07-03 13:55:55|SEND_MESSAGE|9|34|asdfadfadf
2017-07-03 13:55:55|149.202.136.54|POST_PARAMS|null
2017-07-03 13:55:55|POST|447960759867|psychics test|TMOBILE14UK|1058891077
2017-07-03 13:55:55|SEND_MESSAGE|{"ref_message_id":"9","sender_id":"34","message":"asdfadfadf","request_url":"reply=0&number=447808242645&network=INTERNATIONAL&message=asdfadfadf&value=0&currency=gbp&cc=psychiccontact&title=eric101&ekey=1a989ce5a9b504b267a810be41c8d114"}
2017-07-03 13:55:55|SEND_MESSAGE|SUCCESS
2017-07-03 13:55:56|SEND_MESSAGE|9|34|asdfadfadf
2017-07-03 13:55:56|SEND_MESSAGE|Message is not yet marked as read
2017-07-03 13:55:55|SUCCESS
2017-07-03 13:55:55|{"action":"mpush_ir_message","billing":"MT","country":"UK","number":"447960759867","network":"TMOBILE14UK","shortcode":"68899","message":"psychics test","request_url":"reply=1&id=1058891077&number=447960759867&network=TMOBILE14UK&message=We+have+successfully+received+your+message.+A+psychic+will+reply+to+in+a+short+while.&value=1.5&currency=gbp&cc=psychiccontact&title=&ekey=1a989ce5a9b504b267a810be41c8d114","txtnation_msg_id":"1058891077"}
2017-07-03 13:56:04|149.202.136.54|POST_PARAMS|null
2017-07-03 13:56:04|POST|447960759867|psychics test1|TMOBILE14UK|1058891119
2017-07-03 13:56:04|SUCCESS
2017-07-03 13:56:04|{"action":"mpush_ir_message","billing":"MT","country":"UK","number":"447960759867","network":"TMOBILE14UK","shortcode":"68899","message":"psychics test1","request_url":"reply=1&id=1058891119&number=447960759867&network=TMOBILE14UK&message=We+have+successfully+received+your+message.+A+psychic+will+reply+to+in+a+short+while.&value=1.5&currency=gbp&cc=psychiccontact&title=&ekey=1a989ce5a9b504b267a810be41c8d114","txtnation_msg_id":"1058891119"}
2017-07-03 13:56:07|149.202.136.54|POST_PARAMS|null
2017-07-03 13:56:07|POST|447960759867|psychics test2|TMOBILE14UK|1058891138
2017-07-03 13:56:07|SUCCESS
2017-07-03 13:56:07|{"action":"mpush_ir_message","billing":"MT","country":"UK","number":"447960759867","network":"TMOBILE14UK","shortcode":"68899","message":"psychics test2","request_url":"reply=1&id=1058891138&number=447960759867&network=TMOBILE14UK&message=We+have+successfully+received+your+message.+A+psychic+will+reply+to+in+a+short+while.&value=1.5&currency=gbp&cc=psychiccontact&title=&ekey=1a989ce5a9b504b267a810be41c8d114","txtnation_msg_id":"1058891138"}
2017-07-03 13:56:13|SEND_MESSAGE|7|34|asdfadsfaf
2017-07-03 13:56:13|149.202.136.54|POST_PARAMS|null
2017-07-03 13:56:13|POST|447960759867|psychics test3|TMOBILE14UK|1058891154
2017-07-03 13:56:13|SEND_MESSAGE|{"ref_message_id":"7","sender_id":"34","message":"asdfadsfaf","request_url":"reply=0&number=447506548877&network=INTERNATIONAL&message=asdfadsfaf&value=0&currency=gbp&cc=psychiccontact&title=eric101&ekey=1a989ce5a9b504b267a810be41c8d114"}
2017-07-03 13:56:13|SEND_MESSAGE|SUCCESS
2017-07-03 13:56:13|SUCCESS
2017-07-03 13:56:13|{"action":"mpush_ir_message","billing":"MT","country":"UK","number":"447960759867","network":"TMOBILE14UK","shortcode":"68899","message":"psychics test3","request_url":"reply=1&id=1058891154&number=447960759867&network=TMOBILE14UK&message=We+have+successfully+received+your+message.+A+psychic+will+reply+to+in+a+short+while.&value=1.5&currency=gbp&cc=psychiccontact&title=&ekey=1a989ce5a9b504b267a810be41c8d114","txtnation_msg_id":"1058891154"}
2017-07-03 13:56:22|149.202.136.54|POST_PARAMS|null
2017-07-03 13:56:22|POST|447808242645|psychics test1|O214UK|1058891221
2017-07-03 13:56:22|SUCCESS
2017-07-03 13:56:22|{"action":"mpush_ir_message","billing":"MT","country":"UK","number":"447808242645","network":"O214UK","shortcode":"68899","message":"psychics test1","request_url":"reply=1&id=1058891221&number=447808242645&network=O214UK&message=We+have+successfully+received+your+message.+A+psychic+will+reply+to+in+a+short+while.&value=1.5&currency=gbp&cc=psychiccontact&title=&ekey=1a989ce5a9b504b267a810be41c8d114","txtnation_msg_id":"1058891221"}
2017-07-03 13:56:24|149.202.136.54|POST_PARAMS|null
2017-07-03 13:56:24|POST|447808242645|psychics test2|O214UK|1058891232
2017-07-03 13:56:24|SUCCESS
2017-07-03 13:56:24|{"action":"mpush_ir_message","billing":"MT","country":"UK","number":"447808242645","network":"O214UK","shortcode":"68899","message":"psychics test2","request_url":"reply=1&id=1058891232&number=447808242645&network=O214UK&message=We+have+successfully+received+your+message.+A+psychic+will+reply+to+in+a+short+while.&value=1.5&currency=gbp&cc=psychiccontact&title=&ekey=1a989ce5a9b504b267a810be41c8d114","txtnation_msg_id":"1058891232"}
2017-07-03 13:56:28|149.202.136.54|POST_PARAMS|null
2017-07-03 13:56:28|POST|447808242645|psychics test3|O214UK|1058891245
2017-07-03 13:56:28|SUCCESS
2017-07-03 13:56:28|{"action":"mpush_ir_message","billing":"MT","country":"UK","number":"447808242645","network":"O214UK","shortcode":"68899","message":"psychics test3","request_url":"reply=1&id=1058891245&number=447808242645&network=O214UK&message=We+have+successfully+received+your+message.+A+psychic+will+reply+to+in+a+short+while.&value=1.5&currency=gbp&cc=psychiccontact&title=&ekey=1a989ce5a9b504b267a810be41c8d114","txtnation_msg_id":"1058891245"}
2017-07-03 13:56:45|SEND_MESSAGE|14|34|test reply .. :)
2017-07-03 13:56:45|SEND_MESSAGE|{"ref_message_id":"14","sender_id":"34","message":"test reply .. :)","request_url":"reply=0&number=447808242645&network=INTERNATIONAL&message=test+reply+..+%3A%29&value=0&currency=gbp&cc=psychiccontact&title=eric101&ekey=1a989ce5a9b504b267a810be41c8d114"}
2017-07-03 13:56:45|SEND_MESSAGE|SUCCESS
2017-07-03 13:56:48|SEND_MESSAGE|14|34|test reply .. :)
2017-07-03 13:56:48|SEND_MESSAGE|Message is not yet marked as read
2017-07-03 13:56:52|149.202.136.54|POST_PARAMS|null
2017-07-03 13:56:52|POST|447506548877|psychics test1|TMOBILE14UK|1058891346
2017-07-03 13:56:54|SEND_MESSAGE|16|15|hi robert
2017-07-03 13:56:52|SUCCESS
2017-07-03 13:56:52|{"action":"mpush_ir_message","billing":"MT","country":"UK","number":"447506548877","network":"TMOBILE14UK","shortcode":"68899","message":"psychics test1","request_url":"reply=1&id=1058891346&number=447506548877&network=TMOBILE14UK&message=We+have+successfully+received+your+message.+A+psychic+will+reply+to+in+a+short+while.&value=1.5&currency=gbp&cc=psychiccontact&title=&ekey=1a989ce5a9b504b267a810be41c8d114","txtnation_msg_id":"1058891346"}
2017-07-03 13:56:54|SEND_MESSAGE|{"ref_message_id":"16","sender_id":"15","message":"hi robert","request_url":"reply=0&number=447808242645&network=INTERNATIONAL&message=hi+robert&value=0&currency=gbp&cc=psychiccontact&title=test101&ekey=1a989ce5a9b504b267a810be41c8d114"}
2017-07-03 13:56:54|SEND_MESSAGE|SUCCESS
2017-07-03 13:56:57|SEND_MESSAGE|15|34|test reply 2
2017-07-03 13:56:57|SEND_MESSAGE|{"ref_message_id":"15","sender_id":"34","message":"test reply 2","request_url":"reply=0&number=447808242645&network=INTERNATIONAL&message=test+reply+2&value=0&currency=gbp&cc=psychiccontact&title=eric101&ekey=1a989ce5a9b504b267a810be41c8d114"}
2017-07-03 13:56:57|SEND_MESSAGE|SUCCESS
2017-07-03 13:57:06|SEND_MESSAGE|6|32|freddy?
2017-07-03 13:57:06|SEND_MESSAGE|{"ref_message_id":"6","sender_id":"32","message":"freddy?","request_url":"reply=0&number=447808242645&network=INTERNATIONAL&message=freddy%3F&value=0&currency=gbp&cc=psychiccontact&title=jayson101&ekey=1a989ce5a9b504b267a810be41c8d114"}
2017-07-03 13:57:06|SEND_MESSAGE|SUCCESS
2017-07-03 13:57:11|SEND_MESSAGE|10|15|replying to message 10
2017-07-03 13:57:11|SEND_MESSAGE|{"ref_message_id":"10","sender_id":"15","message":"replying to message 10","request_url":"reply=0&number=447960759867&network=INTERNATIONAL&message=replying+to+message+10&value=0&currency=gbp&cc=psychiccontact&title=test101&ekey=1a989ce5a9b504b267a810be41c8d114"}
2017-07-03 13:57:11|SEND_MESSAGE|SUCCESS
2017-07-03 13:57:18|149.202.136.54|POST_PARAMS|null
2017-07-03 13:57:18|POST|447506548877|psychics test 2|TMOBILE14UK|1058891415
2017-07-03 13:57:20|149.202.136.54|POST_PARAMS|null
2017-07-03 13:57:20|POST|447506548877|psychics test 3|TMOBILE14UK|1058891457
2017-07-03 13:57:18|SUCCESS
2017-07-03 13:57:18|{"action":"mpush_ir_message","billing":"MT","country":"UK","number":"447506548877","network":"TMOBILE14UK","shortcode":"68899","message":"psychics test 2","request_url":"reply=1&id=1058891415&number=447506548877&network=TMOBILE14UK&message=We+have+successfully+received+your+message.+A+psychic+will+reply+to+in+a+short+while.&value=1.5&currency=gbp&cc=psychiccontact&title=&ekey=1a989ce5a9b504b267a810be41c8d114","txtnation_msg_id":"1058891415"}
2017-07-03 13:57:20|SUCCESS
2017-07-03 13:57:20|{"action":"mpush_ir_message","billing":"MT","country":"UK","number":"447506548877","network":"TMOBILE14UK","shortcode":"68899","message":"psychics test 3","request_url":"reply=1&id=1058891457&number=447506548877&network=TMOBILE14UK&message=We+have+successfully+received+your+message.+A+psychic+will+reply+to+in+a+short+while.&value=1.5&currency=gbp&cc=psychiccontact&title=&ekey=1a989ce5a9b504b267a810be41c8d114","txtnation_msg_id":"1058891457"}
2017-07-03 13:57:22|SEND_MESSAGE|17|32|test 1
2017-07-03 13:57:22|SEND_MESSAGE|{"ref_message_id":"17","sender_id":"32","message":"test 1","request_url":"reply=0&number=447506548877&network=INTERNATIONAL&message=test+1&value=0&currency=gbp&cc=psychiccontact&title=jayson101&ekey=1a989ce5a9b504b267a810be41c8d114"}
2017-07-03 13:57:22|SEND_MESSAGE|SUCCESS
2017-07-03 13:57:29|SEND_MESSAGE|11|15|replying to message 11
2017-07-03 13:57:30|SEND_MESSAGE|13|34|test reply
2017-07-03 13:57:29|SEND_MESSAGE|{"ref_message_id":"11","sender_id":"15","message":"replying to message 11","request_url":"reply=0&number=447960759867&network=INTERNATIONAL&message=replying+to+message+11&value=0&currency=gbp&cc=psychiccontact&title=test101&ekey=1a989ce5a9b504b267a810be41c8d114"}
2017-07-03 13:57:29|SEND_MESSAGE|SUCCESS
2017-07-03 13:57:30|SEND_MESSAGE|{"ref_message_id":"13","sender_id":"34","message":"test reply","request_url":"reply=0&number=447960759867&network=INTERNATIONAL&message=test+reply&value=0&currency=gbp&cc=psychiccontact&title=eric101&ekey=1a989ce5a9b504b267a810be41c8d114"}
2017-07-03 13:57:30|SEND_MESSAGE|SUCCESS
2017-07-03 13:57:35|SEND_MESSAGE|19|32|test 3
2017-07-03 13:57:35|SEND_MESSAGE|{"ref_message_id":"19","sender_id":"32","message":"test 3","request_url":"reply=0&number=447506548877&network=INTERNATIONAL&message=test+3&value=0&currency=gbp&cc=psychiccontact&title=jayson101&ekey=1a989ce5a9b504b267a810be41c8d114"}
2017-07-03 13:57:35|SEND_MESSAGE|SUCCESS
2017-07-03 13:57:37|SEND_MESSAGE|19|32|test 3
2017-07-03 13:57:37|SEND_MESSAGE|Message is not yet marked as read
2017-07-03 13:57:41|SEND_MESSAGE|12|15|replying to message 12
2017-07-03 13:57:41|SEND_MESSAGE|{"ref_message_id":"12","sender_id":"15","message":"replying to message 12","request_url":"reply=0&number=447960759867&network=INTERNATIONAL&message=replying+to+message+12&value=0&currency=gbp&cc=psychiccontact&title=test101&ekey=1a989ce5a9b504b267a810be41c8d114"}
2017-07-03 13:57:41|SEND_MESSAGE|SUCCESS
2017-07-03 13:57:48|SEND_MESSAGE|18|32|test 2
2017-07-03 13:57:48|SEND_MESSAGE|{"ref_message_id":"18","sender_id":"32","message":"test 2","request_url":"reply=0&number=447506548877&network=INTERNATIONAL&message=test+2&value=0&currency=gbp&cc=psychiccontact&title=jayson101&ekey=1a989ce5a9b504b267a810be41c8d114"}
2017-07-03 13:57:48|SEND_MESSAGE|SUCCESS
2017-07-03 13:57:54|SEND_MESSAGE|8|15|replying to message 8
2017-07-03 13:57:54|SEND_MESSAGE|{"ref_message_id":"8","sender_id":"15","message":"replying to message 8","request_url":"reply=0&number=447506548877&network=INTERNATIONAL&message=replying+to+message+8&value=0&currency=gbp&cc=psychiccontact&title=test101&ekey=1a989ce5a9b504b267a810be41c8d114"}
2017-07-03 13:57:54|SEND_MESSAGE|SUCCESS
